2023-03-24 15:14:06,350 ERROR    root            (gcloud) Command name argument expected.
2023-03-24 15:14:06,353 DEBUG    root            Loaded Command Group: ['gcloud', 'resource_manager']
2023-03-24 15:14:06,354 DEBUG    root            Loaded Command Group: ['gcloud', 'resource_settings']
2023-03-24 15:14:06,357 DEBUG    root            Loaded Command Group: ['gcloud', 'workflows']
2023-03-24 15:14:06,359 DEBUG    root            No implementation for release track [GA] for element: [/Users/hmasood/Downloads/google-cloud-sdk/lib/surface/netapp]
2023-03-24 15:14:06,360 DEBUG    root            Loaded Command Group: ['gcloud', 'edge_cloud']
2023-03-24 15:14:06,362 DEBUG    root            Loaded Command Group: ['gcloud', 'privateca']
2023-03-24 15:14:06,364 DEBUG    root            No implementation for release track [GA] for element: [/Users/hmasood/Downloads/google-cloud-sdk/lib/surface/lifesciences]
2023-03-24 15:14:06,365 DEBUG    root            Loaded Command Group: ['gcloud', 'alloydb']
2023-03-24 15:14:06,367 DEBUG    root            Loaded Command Group: ['gcloud', 'deployment_manager']
2023-03-24 15:14:06,368 DEBUG    root            Loaded Command Group: ['gcloud', 'eventarc']
2023-03-24 15:14:06,370 DEBUG    root            Loaded Command Group: ['gcloud', 'spanner']
2023-03-24 15:14:06,372 DEBUG    root            No implementation for release track [GA] for element: [/Users/hmasood/Downloads/google-cloud-sdk/lib/surface/microservices]
2023-03-24 15:14:06,376 DEBUG    root            Loaded Command Group: ['gcloud', 'debug']
2023-03-24 15:14:06,378 DEBUG    root            Loaded Command Group: ['gcloud', 'endpoints']
2023-03-24 15:14:06,382 DEBUG    root            Loaded Command Group: ['gcloud', 'dataflow']
2023-03-24 15:14:06,385 DEBUG    root            No implementation for release track [GA] for element: [/Users/hmasood/Downloads/google-cloud-sdk/lib/surface/dialogflow]
2023-03-24 15:14:06,386 DEBUG    root            Loaded Command Group: ['gcloud', 'access_approval']
2023-03-24 15:14:06,388 DEBUG    root            Loaded Command Group: ['gcloud', 'filestore']
2023-03-24 15:14:06,391 DEBUG    root            Loaded Command Group: ['gcloud', 'recaptcha']
2023-03-24 15:14:06,393 DEBUG    root            Loaded Command Group: ['gcloud', 'essential_contacts']
2023-03-24 15:14:06,395 DEBUG    root            No implementation for release track [GA] for element: [/Users/hmasood/Downloads/google-cloud-sdk/lib/surface/remote_build_execution]
2023-03-24 15:14:06,397 DEBUG    root            Loaded Command Group: ['gcloud', 'run']
2023-03-24 15:14:06,399 DEBUG    root            Loaded Command Group: ['gcloud', 'iot']
2023-03-24 15:14:06,401 DEBUG    root            Loaded Command Group: ['gcloud', 'components']
2023-03-24 15:14:06,403 DEBUG    root            Loaded Command Group: ['gcloud', 'bms']
2023-03-24 15:14:06,406 DEBUG    root            Loaded Command Group: ['gcloud', 'vmware']
2023-03-24 15:14:06,408 DEBUG    root            Loaded Command Group: ['gcloud', 'organizations']
2023-03-24 15:14:06,410 DEBUG    root            Loaded Command Group: ['gcloud', 'memcache']
2023-03-24 15:14:06,412 DEBUG    root            Loaded Command Group: ['gcloud', 'iam']
2023-03-24 15:14:06,414 DEBUG    root            Loaded Command Group: ['gcloud', 'scc']
2023-03-24 15:14:06,456 DEBUG    root            Loaded Command Group: ['gcloud', 'api_gateway']
2023-03-24 15:14:06,459 DEBUG    root            Loaded Command Group: ['gcloud', 'ml_engine']
2023-03-24 15:14:06,461 DEBUG    root            Loaded Command Group: ['gcloud', 'dataplex']
2023-03-24 15:14:06,464 DEBUG    root            No implementation for release track [GA] for element: [/Users/hmasood/Downloads/google-cloud-sdk/lib/surface/terraform]
2023-03-24 15:14:06,466 DEBUG    root            Loaded Command Group: ['gcloud', 'ai']
2023-03-24 15:14:06,468 DEBUG    root            Loaded Command Group: ['gcloud', 'batch']
2023-03-24 15:14:06,471 DEBUG    root            No implementation for release track [GA] for element: [/Users/hmasood/Downloads/google-cloud-sdk/lib/surface/blockchain_node_engine]
2023-03-24 15:14:06,481 DEBUG    root            Loaded Command Group: ['gcloud', 'functions']
2023-03-24 15:14:06,483 DEBUG    root            No implementation for release track [GA] for element: [/Users/hmasood/Downloads/google-cloud-sdk/lib/surface/error_reporting]
2023-03-24 15:14:06,485 DEBUG    root            Loaded Command Group: ['gcloud', 'active_directory']
2023-03-24 15:14:06,488 DEBUG    root            No implementation for release track [GA] for element: [/Users/hmasood/Downloads/google-cloud-sdk/lib/surface/media]
2023-03-24 15:14:06,490 DEBUG    root            Loaded Command Group: ['gcloud', 'ids']
2023-03-24 15:14:06,492 DEBUG    root            Loaded Command Group: ['gcloud', 'billing']
2023-03-24 15:14:06,495 DEBUG    root            No implementation for release track [GA] for element: [/Users/hmasood/Downloads/google-cloud-sdk/lib/surface/source_manager]
2023-03-24 15:14:06,496 DEBUG    root            Loaded Command Group: ['gcloud', 'datastore']
2023-03-24 15:14:06,499 DEBUG    root            No implementation for release track [GA] for element: [/Users/hmasood/Downloads/google-cloud-sdk/lib/surface/telco_automation]
2023-03-24 15:14:06,741 DEBUG    root            No implementation for release track [GA] for element: [/Users/hmasood/Downloads/google-cloud-sdk/lib/surface/interactive]
2023-03-24 15:14:06,743 DEBUG    root            Loaded Command Group: ['gcloud', 'access_context_manager']
2023-03-24 15:14:06,748 DEBUG    root            Loaded Command Group: ['gcloud', 'bigtable']
2023-03-24 15:14:06,751 DEBUG    root            No implementation for release track [GA] for element: [/Users/hmasood/Downloads/google-cloud-sdk/lib/surface/workload_certificate]
2023-03-24 15:14:06,753 DEBUG    root            Loaded Command Group: ['gcloud', 'ml']
2023-03-24 15:14:06,756 DEBUG    root            Loaded Command Group: ['gcloud', 'identity']
2023-03-24 15:14:06,759 DEBUG    root            Loaded Command Group: ['gcloud', 'apigee']
2023-03-24 15:14:06,764 DEBUG    root            No implementation for release track [GA] for element: [/Users/hmasood/Downloads/google-cloud-sdk/lib/surface/resource_config]
2023-03-24 15:14:06,765 DEBUG    root            Loaded Command Group: ['gcloud', 'certificate_manager']
2023-03-24 15:14:06,768 DEBUG    root            Loaded Command Group: ['gcloud', 'projects']
2023-03-24 15:14:06,772 DEBUG    root            Loaded Command Group: ['gcloud', 'source']
2023-03-24 15:14:06,776 DEBUG    root            Loaded Command Group: ['gcloud', 'auth']
2023-03-24 15:14:06,784 DEBUG    root            No implementation for release track [GA] for element: [/Users/hmasood/Downloads/google-cloud-sdk/lib/surface/code]
2023-03-24 15:14:06,786 DEBUG    root            Loaded Command Group: ['gcloud', 'workspace_add_ons']
2023-03-24 15:14:06,790 DEBUG    root            Loaded Command Group: ['gcloud', 'secrets']
2023-03-24 15:14:06,794 DEBUG    root            Loaded Command Group: ['gcloud', 'redis']
2023-03-24 15:14:06,798 DEBUG    root            Loaded Command Group: ['gcloud', 'artifacts']
2023-03-24 15:14:06,803 DEBUG    root            Loaded Command Group: ['gcloud', 'cheat_sheet']
2023-03-24 15:14:06,807 DEBUG    root            Loaded Command Group: ['gcloud', 'immersive_stream']
2023-03-24 15:14:06,810 DEBUG    root            No implementation for release track [GA] for element: [/Users/hmasood/Downloads/google-cloud-sdk/lib/surface/mps]
2023-03-24 15:14:06,822 DEBUG    root            Loaded Command Group: ['gcloud', 'help']
2023-03-24 15:14:06,826 DEBUG    root            Loaded Command Group: ['gcloud', 'scheduler']
2023-03-24 15:14:06,828 DEBUG    root            No implementation for release track [GA] for element: [/Users/hmasood/Downloads/google-cloud-sdk/lib/surface/looker]
2023-03-24 15:14:06,830 DEBUG    root            Loaded Command Group: ['gcloud', 'anthos']
2023-03-24 15:14:06,834 DEBUG    root            Loaded Command Group: ['gcloud', 'data_catalog']
2023-03-24 15:14:06,837 DEBUG    root            Loaded Command Group: ['gcloud', 'monitoring']
2023-03-24 15:14:06,865 DEBUG    root            Loaded Command Group: ['gcloud', 'init']
2023-03-24 15:14:06,871 DEBUG    root            Loaded Command Group: ['gcloud', 'game']
2023-03-24 15:14:06,873 DEBUG    root            No implementation for release track [GA] for element: [/Users/hmasood/Downloads/google-cloud-sdk/lib/surface/genomics]
2023-03-24 15:14:06,874 DEBUG    root            No implementation for release track [GA] for element: [/Users/hmasood/Downloads/google-cloud-sdk/lib/surface/dlp]
2023-03-24 15:14:06,876 DEBUG    root            Loaded Command Group: ['gcloud', 'firebase']
2023-03-24 15:14:06,878 DEBUG    root            Loaded Command Group: ['gcloud', 'metastore']
2023-03-24 15:14:06,881 DEBUG    root            Loaded Command Group: ['gcloud', 'topic']
2023-03-24 15:14:06,884 DEBUG    root            Loaded Command Group: ['gcloud', 'kms']
2023-03-24 15:14:06,887 DEBUG    root            Loaded Command Group: ['gcloud', 'service_directory']
2023-03-24 15:14:06,890 DEBUG    root            Loaded Command Group: ['gcloud', 'firestore']
2023-03-24 15:14:06,893 DEBUG    root            Loaded Command Group: ['gcloud', 'pubsub']
2023-03-24 15:14:06,896 DEBUG    root            No implementation for release track [GA] for element: [/Users/hmasood/Downloads/google-cloud-sdk/lib/surface/blueprints]
2023-03-24 15:14:06,906 DEBUG    root            Loaded Command Group: ['gcloud', 'feedback']
2023-03-24 15:14:06,910 DEBUG    root            Loaded Command Group: ['gcloud', 'domains']
2023-03-24 15:14:06,913 DEBUG    root            Loaded Command Group: ['gcloud', 'org_policies']
2023-03-24 15:14:06,916 DEBUG    root            Loaded Command Group: ['gcloud', 'network_connectivity']
2023-03-24 15:14:06,952 DEBUG    root            Loaded Command Group: ['gcloud', 'docker']
2023-03-24 15:14:06,956 DEBUG    root            No implementation for release track [GA] for element: [/Users/hmasood/Downloads/google-cloud-sdk/lib/surface/data_fusion]
2023-03-24 15:14:06,958 DEBUG    root            Loaded Command Group: ['gcloud', 'emulators']
2023-03-24 15:14:06,961 DEBUG    root            Loaded Command Group: ['gcloud', 'app']
2023-03-24 15:14:06,964 DEBUG    root            Loaded Command Group: ['gcloud', 'healthcare']
2023-03-24 15:14:06,966 DEBUG    root            Loaded Command Group: ['gcloud', 'composer']
2023-03-24 15:14:06,969 DEBUG    root            Loaded Command Group: ['gcloud', 'network_management']
2023-03-24 15:14:06,971 DEBUG    root            Loaded Command Group: ['gcloud', 'asset']
2023-03-24 15:14:06,975 DEBUG    root            No implementation for release track [GA] for element: [/Users/hmasood/Downloads/google-cloud-sdk/lib/surface/publicca]
2023-03-24 15:14:06,977 DEBUG    root            No implementation for release track [GA] for element: [/Users/hmasood/Downloads/google-cloud-sdk/lib/surface/web_security_scanner]
2023-03-24 15:14:06,979 DEBUG    root            No implementation for release track [GA] for element: [/Users/hmasood/Downloads/google-cloud-sdk/lib/surface/bq]
2023-03-24 15:14:06,981 DEBUG    root            Loaded Command Group: ['gcloud', 'cloud_shell']
2023-03-24 15:14:06,983 DEBUG    root            Loaded Command Group: ['gcloud', 'deploy']
2023-03-24 15:14:06,986 DEBUG    root            No implementation for release track [GA] for element: [/Users/hmasood/Downloads/google-cloud-sdk/lib/surface/workstations]
2023-03-24 15:14:06,988 DEBUG    root            Loaded Command Group: ['gcloud', 'dataproc']
2023-03-24 15:14:06,990 DEBUG    root            Loaded Command Group: ['gcloud', 'services']
2023-03-24 15:14:06,994 DEBUG    root            No implementation for release track [GA] for element: [/Users/hmasood/Downloads/google-cloud-sdk/lib/surface/kuberun]
2023-03-24 15:14:06,996 DEBUG    root            Loaded Command Group: ['gcloud', 'logging']
2023-03-24 15:14:07,005 DEBUG    root            Loaded Command Group: ['gcloud', 'info']
2023-03-24 15:14:07,007 DEBUG    root            Loaded Command Group: ['gcloud', 'sql']
2023-03-24 15:14:07,010 DEBUG    root            Loaded Command Group: ['gcloud', 'notebooks']
2023-03-24 15:14:07,013 DEBUG    root            Loaded Command Group: ['gcloud', 'transfer']
2023-03-24 15:14:07,017 DEBUG    root            Loaded Command Group: ['gcloud', 'datastream']
2023-03-24 15:14:07,111 DEBUG    root            No implementation for release track [GA] for element: [/Users/hmasood/Downloads/google-cloud-sdk/lib/surface/events]
2023-03-24 15:14:07,113 DEBUG    root            Loaded Command Group: ['gcloud', 'iap']
2023-03-24 15:14:07,116 DEBUG    root            Loaded Command Group: ['gcloud', 'policy_troubleshoot']
2023-03-24 15:14:07,119 DEBUG    root            Loaded Command Group: ['gcloud', 'config']
2023-03-24 15:14:07,124 DEBUG    root            No implementation for release track [GA] for element: [/Users/hmasood/Downloads/google-cloud-sdk/lib/surface/runtime_config]
2023-03-24 15:14:07,127 DEBUG    root            Loaded Command Group: ['gcloud', 'edge_cache']
2023-03-24 15:14:07,130 DEBUG    root            Loaded Command Group: ['gcloud', 'recommender']
2023-03-24 15:14:07,133 DEBUG    root            Loaded Command Group: ['gcloud', 'policy_intelligence']
2023-03-24 15:14:07,137 DEBUG    root            No implementation for release track [GA] for element: [/Users/hmasood/Downloads/google-cloud-sdk/lib/surface/network_actions]
2023-03-24 15:14:07,137 DEBUG    root            Loaded Command Group: ['gcloud', 'ai_platform']
2023-03-24 15:14:07,146 DEBUG    root            Loaded Command Group: ['gcloud', 'builds']
2023-03-24 15:14:07,150 DEBUG    root            No implementation for release track [GA] for element: [/Users/hmasood/Downloads/google-cloud-sdk/lib/surface/beyondcorp]
2023-03-24 15:14:07,151 DEBUG    root            Loaded Command Group: ['gcloud', 'transcoder']
2023-03-24 15:14:07,154 DEBUG    root            Loaded Command Group: ['gcloud', 'database_migration']
2023-03-24 15:14:07,159 DEBUG    root            Loaded Command Group: ['gcloud', 'dns']
2023-03-24 15:14:07,163 DEBUG    root            Loaded Command Group: ['gcloud', 'assured']
2023-03-24 15:14:07,166 DEBUG    root            No implementation for release track [GA] for element: [/Users/hmasood/Downloads/google-cloud-sdk/lib/surface/trace]
2023-03-24 15:14:07,186 DEBUG    root            Loaded Command Group: ['gcloud', 'network_services']
2023-03-24 15:14:07,326 DEBUG    root            Loaded Command Group: ['gcloud', 'compute']
2023-03-24 15:14:07,336 DEBUG    root            Loaded Command Group: ['gcloud', 'network_security']
2023-03-24 15:14:07,340 DEBUG    root            Loaded Command Group: ['gcloud', 'tasks']
2023-03-24 15:14:07,359 DEBUG    root            Loaded Command Group: ['gcloud', 'survey']
2023-03-24 15:14:07,372 DEBUG    root            Loaded Command Group: ['gcloud', 'storage']
2023-03-24 15:14:07,376 DEBUG    root            No implementation for release track [GA] for element: [/Users/hmasood/Downloads/google-cloud-sdk/lib/surface/commerce_procurement]
2023-03-24 15:14:07,379 DEBUG    root            Loaded Command Group: ['gcloud', 'version']
2023-03-24 15:14:07,382 DEBUG    root            No implementation for release track [GA] for element: [/Users/hmasood/Downloads/google-cloud-sdk/lib/surface/datapipelines]
2023-03-24 15:14:07,384 DEBUG    root            Loaded Command Group: ['gcloud', 'meta']
2023-03-24 15:14:07,388 DEBUG    root            Chosen display Format:table[no-heading,margin=6,width=80]([0]:label='':align=left:width=22,[1]:label='':align=left:wrap)
2023-03-24 15:14:07,391 DEBUG    root            Chosen display Format:table[no-heading,margin=6,width=80]([0]:label='':align=left:width=22,[1]:label='':align=left:wrap)
2023-03-24 15:14:07,394 DEBUG    root            Chosen display Format:table[no-heading,margin=6,width=80]([0]:label='':align=left:width=22,[1]:label='':align=left:wrap)
2023-03-24 15:14:07,394 DEBUG    root            Chosen display Format:table[no-heading,margin=6,width=80]([0]:label='':align=left:width=22,[1]:label='':align=left:wrap)
2023-03-24 15:14:07,395 DEBUG    root            Chosen display Format:table[no-heading,margin=6,width=80]([0]:label='':align=left:width=22,[1]:label='':align=left:wrap)
2023-03-24 15:14:07,396 DEBUG    root            Chosen display Format:table[no-heading,margin=6,width=80]([0]:label='':align=left:width=22,[1]:label='':align=left:wrap)
2023-03-24 15:14:07,397 DEBUG    root            Chosen display Format:table[no-heading,margin=6,width=80]([0]:label='':align=left:width=22,[1]:label='':align=left:wrap)
2023-03-24 15:14:07,399 DEBUG    root            Chosen display Format:table[no-heading,margin=6,width=80]([0]:label='':align=left:width=22,[1]:label='':align=left:wrap)
2023-03-24 15:14:07,401 DEBUG    root            Chosen display Format:table[no-heading,margin=6,width=80]([0]:label='':align=left:width=22,[1]:label='':align=left:wrap)
2023-03-24 15:14:07,403 DEBUG    root            Chosen display Format:table[no-heading,margin=6,width=80]([0]:label='':align=left:width=22,[1]:label='':align=left:wrap)
2023-03-24 15:14:07,404 DEBUG    root            Chosen display Format:table[no-heading,margin=6,width=80]([0]:label='':align=left:width=22,[1]:label='':align=left:wrap)
2023-03-24 15:14:07,407 DEBUG    root            Chosen display Format:table[no-heading,margin=6,width=80]([0]:label='':align=left:width=22,[1]:label='':align=left:wrap)
2023-03-24 15:14:07,407 DEBUG    root            Chosen display Format:table[no-heading,margin=6,width=80]([0]:label='':align=left:width=22,[1]:label='':align=left:wrap)
2023-03-24 15:14:07,409 DEBUG    root            Chosen display Format:table[no-heading,margin=6,width=80]([0]:label='':align=left:width=22,[1]:label='':align=left:wrap)
2023-03-24 15:14:07,409 DEBUG    root            Chosen display Format:table[no-heading,margin=6,width=80]([0]:label='':align=left:width=22,[1]:label='':align=left:wrap)
2023-03-24 15:14:07,410 DEBUG    root            Chosen display Format:table[no-heading,margin=6,width=80]([0]:label='':align=left:width=22,[1]:label='':align=left:wrap)
2023-03-24 15:14:07,412 DEBUG    root            Chosen display Format:table[no-heading,margin=6,width=80]([0]:label='':align=left:width=22,[1]:label='':align=left:wrap)
2023-03-24 15:14:07,412 DEBUG    root            Chosen display Format:table[no-heading,margin=6,width=80]([0]:label='':align=left:width=22,[1]:label='':align=left:wrap)
2023-03-24 15:14:07,414 DEBUG    root            Chosen display Format:table[no-heading,margin=6,width=80]([0]:label='':align=left:width=22,[1]:label='':align=left:wrap)
2023-03-24 15:14:07,414 DEBUG    root            Chosen display Format:table[no-heading,margin=6,width=80]([0]:label='':align=left:width=22,[1]:label='':align=left:wrap)
2023-03-24 15:14:07,415 DEBUG    root            Chosen display Format:table[no-heading,margin=6,width=80]([0]:label='':align=left:width=22,[1]:label='':align=left:wrap)
2023-03-24 15:14:07,415 DEBUG    root            Chosen display Format:table[no-heading,margin=6,width=80]([0]:label='':align=left:width=22,[1]:label='':align=left:wrap)
2023-03-24 15:14:07,416 DEBUG    root            Chosen display Format:table[no-heading,margin=6,width=80]([0]:label='':align=left:width=22,[1]:label='':align=left:wrap)
2023-03-24 15:14:07,417 DEBUG    root            Chosen display Format:table[no-heading,margin=6,width=80]([0]:label='':align=left:width=22,[1]:label='':align=left:wrap)
2023-03-24 15:14:07,417 DEBUG    root            Chosen display Format:table[no-heading,margin=6,width=80]([0]:label='':align=left:width=22,[1]:label='':align=left:wrap)
2023-03-24 15:14:07,418 DEBUG    root            Chosen display Format:table[no-heading,margin=6,width=80]([0]:label='':align=left:width=22,[1]:label='':align=left:wrap)
