2023-03-23 07:30:55,623 DEBUG    root            Loaded Command Group: ['gcloud', 'config']
2023-03-23 07:30:55,640 DEBUG    root            Loaded Command Group: ['gcloud', 'config', 'config_helper']
2023-03-23 07:30:55,642 DEBUG    root            Running [gcloud.config.config-helper] with arguments: [--format: "json"]
2023-03-23 07:30:55,753 DEBUG    google.auth.transport.requests Making request: POST https://oauth2.googleapis.com/token
2023-03-23 07:30:55,844 DEBUG    urllib3.connectionpool Starting new HTTPS connection (1): oauth2.googleapis.com:443
2023-03-23 07:30:56,028 DEBUG    urllib3.connectionpool https://oauth2.googleapis.com:443 "POST /token HTTP/1.1" 200 None
2023-03-23 07:30:56,089 DEBUG    urllib3.connectionpool Starting new HTTPS connection (1): www.gstatic.com:443
2023-03-23 07:30:56,232 DEBUG    urllib3.connectionpool https://www.gstatic.com:443 "GET /cloudsdk/feature_flag_config_file.yaml HTTP/1.1" 200 101
2023-03-23 07:30:56,244 DEBUG    root            Chosen display Format:default json
2023-03-23 07:30:56,244 INFO     root            Display format: "default json"
2023-03-23 07:30:56,245 INFO     ___FILE_ONLY___ {
  "configuration": {
    "active_configuration": "default",
    "properties": {
      "compute": {
        "region": "europe-west4",
        "zone": "europe-west4-b"
      },
      "core": {
        "account": "hmasood@purestorage.com",
        "disable_usage_reporting": "True",
        "project": "pwx-cnbu-cx-support"
      }
    }
  },
  "credential": {
    "access_token": "ya29.a0AVvZVsoMVEnRFDCNOLFL6-PXIhiv7tQw_2HYJxxP8r9K2NjR3R-gwFyyYAbiyP6xehjsI87qLsQRPeW8JMt5tSgB79VXP8uLXtay8Lw0yygV7yT6aluodGfKouqd9_ZlUwpbHHDRTMdWN8WLspI3CjT4-7lSu0nwyjLnwwaCgYKAbASARMSFQGbdwaIOOaLi8HwljQomBq_t0v9AA0173",
    "id_token": "eyJhbGciOiJSUzI1NiIsImtpZCI6Ijk4NmVlOWEzYjc1MjBiNDk0ZGY1NGZlMzJlM2U1YzRjYTY4NWM4OWQiLCJ0eXAiOiJKV1QifQ.eyJpc3MiOiJodHRwczovL2FjY291bnRzLmdvb2dsZS5jb20iLCJhenAiOiIzMjU1NTk0MDU1OS5hcHBzLmdvb2dsZXVzZXJjb250ZW50LmNvbSIsImF1ZCI6IjMyNTU1OTQwNTU5LmFwcHMuZ29vZ2xldXNlcmNvbnRlbnQuY29tIiwic3ViIjoiMTA3NDg5OTgyNzc0MTQ3NTc1NzQ4IiwiaGQiOiJwdXJlc3RvcmFnZS5jb20iLCJlbWFpbCI6ImhtYXNvb2RAcHVyZXN0b3JhZ2UuY29tIiwiZW1haWxfdmVyaWZpZWQiOnRydWUsImF0X2hhc2giOiJfeE1UdlV3aE1iamxRT2hvdmxGT3JRIiwiaWF0IjoxNjc5NTU2NjU2LCJleHAiOjE2Nzk1NjAyNTZ9.UMIaX4ZzFdvH0khbcLR0eT5_2WF3ufa55aCKCXsplybahcJxfxt94Y4AdVfW43PxgEoI09otsaPazWhCofnkJimcb5ixKrj5K85TcEnmB7TjviWNEBq7PF5hL3gKMQE1shPBI8yyT1CQdWisy-wRwgbHOCAxMs8xR09ALBzSOWJvCnCmulj2sUUIhHa4-XnMJTwM5qr-BjWZeYKHi7s23YTyZpjiqU6CxojBLkVIaJl8C30lr1Uag6lG17lr_LTAGq_s-z0IpZSm3hQNlWwgAXJa87eTKl80h87cS36tRdi5RBWj-300msc0VecH-mQx5Y6MaG4zLjzRvmDT4Tbt_g",
    "token_expiry": "2023-03-23T08:30:55Z"
  },
  "sentinels": {
    "config_sentinel": "/Users/hmasood/.config/gcloud/config_sentinel"
  }
}
2023-03-23 07:30:56,245 INFO     ___FILE_ONLY___ 

