2023-03-23 08:12:12,463 DEBUG    root            Loaded Command Group: ['gcloud', 'data_catalog']
2023-03-23 08:12:12,464 DEBUG    root            No implementation for release track [GA] for element: [/Users/hmasood/Downloads/google-cloud-sdk/lib/surface/workstations]
2023-03-23 08:12:12,464 DEBUG    root            No implementation for release track [GA] for element: [/Users/hmasood/Downloads/google-cloud-sdk/lib/surface/telco_automation]
2023-03-23 08:12:12,464 DEBUG    root            Loaded Command Group: ['gcloud', 'redis']
2023-03-23 08:12:12,465 DEBUG    root            Loaded Command Group: ['gcloud', 'deployment_manager']
2023-03-23 08:12:12,466 DEBUG    root            No implementation for release track [GA] for element: [/Users/hmasood/Downloads/google-cloud-sdk/lib/surface/runtime_config]
2023-03-23 08:12:12,466 DEBUG    root            Loaded Command Group: ['gcloud', 'certificate_manager']
2023-03-23 08:12:12,467 DEBUG    root            Loaded Command Group: ['gcloud', 'apigee']
2023-03-23 08:12:12,467 DEBUG    root            No implementation for release track [GA] for element: [/Users/hmasood/Downloads/google-cloud-sdk/lib/surface/datapipelines]
2023-03-23 08:12:12,468 DEBUG    root            No implementation for release track [GA] for element: [/Users/hmasood/Downloads/google-cloud-sdk/lib/surface/code]
2023-03-23 08:12:12,469 DEBUG    root            Loaded Command Group: ['gcloud', 'memcache']
2023-03-23 08:12:12,469 DEBUG    root            Loaded Command Group: ['gcloud', 'dns']
2023-03-23 08:12:12,470 DEBUG    root            Loaded Command Group: ['gcloud', 'firestore']
2023-03-23 08:12:12,472 DEBUG    root            Loaded Command Group: ['gcloud', 'help']
2023-03-23 08:12:12,473 DEBUG    root            Loaded Command Group: ['gcloud', 'secrets']
2023-03-23 08:12:12,474 DEBUG    root            Loaded Command Group: ['gcloud', 'run']
2023-03-23 08:12:12,475 DEBUG    root            Loaded Command Group: ['gcloud', 'notebooks']
2023-03-23 08:12:12,475 DEBUG    root            No implementation for release track [GA] for element: [/Users/hmasood/Downloads/google-cloud-sdk/lib/surface/commerce_procurement]
2023-03-23 08:12:12,476 DEBUG    root            Loaded Command Group: ['gcloud', 'cheat_sheet']
2023-03-23 08:12:12,476 DEBUG    root            No implementation for release track [GA] for element: [/Users/hmasood/Downloads/google-cloud-sdk/lib/surface/workload_certificate]
2023-03-23 08:12:12,477 DEBUG    root            Loaded Command Group: ['gcloud', 'alloydb']
2023-03-23 08:12:12,486 DEBUG    root            Loaded Command Group: ['gcloud', 'api_gateway']
2023-03-23 08:12:12,486 DEBUG    root            No implementation for release track [GA] for element: [/Users/hmasood/Downloads/google-cloud-sdk/lib/surface/source_manager]
2023-03-23 08:12:12,487 DEBUG    root            Loaded Command Group: ['gcloud', 'eventarc']
2023-03-23 08:12:12,487 DEBUG    root            Loaded Command Group: ['gcloud', 'kms']
2023-03-23 08:12:12,488 DEBUG    root            No implementation for release track [GA] for element: [/Users/hmasood/Downloads/google-cloud-sdk/lib/surface/netapp]
2023-03-23 08:12:12,489 DEBUG    root            Loaded Command Group: ['gcloud', 'storage']
2023-03-23 08:12:12,490 DEBUG    root            No implementation for release track [GA] for element: [/Users/hmasood/Downloads/google-cloud-sdk/lib/surface/blueprints]
2023-03-23 08:12:12,490 DEBUG    root            Loaded Command Group: ['gcloud', 'policy_intelligence']
2023-03-23 08:12:12,490 DEBUG    root            Loaded Command Group: ['gcloud', 'assured']
2023-03-23 08:12:12,491 DEBUG    root            Loaded Command Group: ['gcloud', 'active_directory']
2023-03-23 08:12:12,492 DEBUG    root            Loaded Command Group: ['gcloud', 'billing']
2023-03-23 08:12:12,492 DEBUG    root            Loaded Command Group: ['gcloud', 'immersive_stream']
2023-03-23 08:12:12,493 DEBUG    root            Loaded Command Group: ['gcloud', 'bms']
2023-03-23 08:12:12,493 DEBUG    root            Loaded Command Group: ['gcloud', 'tasks']
2023-03-23 08:12:12,494 DEBUG    root            No implementation for release track [GA] for element: [/Users/hmasood/Downloads/google-cloud-sdk/lib/surface/terraform]
2023-03-23 08:12:12,494 DEBUG    root            Loaded Command Group: ['gcloud', 'ai']
2023-03-23 08:12:12,495 DEBUG    root            Loaded Command Group: ['gcloud', 'essential_contacts']
2023-03-23 08:12:12,496 DEBUG    root            Loaded Command Group: ['gcloud', 'app']
2023-03-23 08:12:12,496 DEBUG    root            Loaded Command Group: ['gcloud', 'ml']
2023-03-23 08:12:12,497 DEBUG    root            Loaded Command Group: ['gcloud', 'bigtable']
2023-03-23 08:12:12,498 DEBUG    root            Loaded Command Group: ['gcloud', 'transfer']
2023-03-23 08:12:12,498 DEBUG    root            Loaded Command Group: ['gcloud', 'access_approval']
2023-03-23 08:12:12,499 DEBUG    root            Loaded Command Group: ['gcloud', 'asset']
2023-03-23 08:12:12,500 DEBUG    root            Loaded Command Group: ['gcloud', 'policy_troubleshoot']
2023-03-23 08:12:12,500 DEBUG    root            Loaded Command Group: ['gcloud', 'transcoder']
2023-03-23 08:12:12,502 DEBUG    root            Loaded Command Group: ['gcloud', 'functions']
2023-03-23 08:12:12,502 DEBUG    root            No implementation for release track [GA] for element: [/Users/hmasood/Downloads/google-cloud-sdk/lib/surface/remote_build_execution]
2023-03-23 08:12:12,503 DEBUG    root            Loaded Command Group: ['gcloud', 'database_migration']
2023-03-23 08:12:12,503 DEBUG    root            No implementation for release track [GA] for element: [/Users/hmasood/Downloads/google-cloud-sdk/lib/surface/microservices]
2023-03-23 08:12:12,503 DEBUG    root            Loaded Command Group: ['gcloud', 'datastream']
2023-03-23 08:12:12,504 DEBUG    root            Loaded Command Group: ['gcloud', 'components']
2023-03-23 08:12:12,505 DEBUG    root            No implementation for release track [GA] for element: [/Users/hmasood/Downloads/google-cloud-sdk/lib/surface/looker]
2023-03-23 08:12:12,505 DEBUG    root            Loaded Command Group: ['gcloud', 'recaptcha']
2023-03-23 08:12:12,506 DEBUG    root            Loaded Command Group: ['gcloud', 'edge_cloud']
2023-03-23 08:12:12,506 DEBUG    root            Loaded Command Group: ['gcloud', 'deploy']
2023-03-23 08:12:12,507 DEBUG    root            No implementation for release track [GA] for element: [/Users/hmasood/Downloads/google-cloud-sdk/lib/surface/web_security_scanner]
2023-03-23 08:12:12,507 DEBUG    root            Loaded Command Group: ['gcloud', 'emulators']
2023-03-23 08:12:12,517 DEBUG    root            No implementation for release track [GA] for element: [/Users/hmasood/Downloads/google-cloud-sdk/lib/surface/events]
2023-03-23 08:12:12,518 DEBUG    root            Loaded Command Group: ['gcloud', 'org_policies']
2023-03-23 08:12:12,544 DEBUG    root            No implementation for release track [GA] for element: [/Users/hmasood/Downloads/google-cloud-sdk/lib/surface/interactive]
2023-03-23 08:12:12,545 DEBUG    root            Loaded Command Group: ['gcloud', 'vmware']
2023-03-23 08:12:12,545 DEBUG    root            Loaded Command Group: ['gcloud', 'resource_manager']
2023-03-23 08:12:12,546 DEBUG    root            No implementation for release track [GA] for element: [/Users/hmasood/Downloads/google-cloud-sdk/lib/surface/data_fusion]
2023-03-23 08:12:12,546 DEBUG    root            Loaded Command Group: ['gcloud', 'dataproc']
2023-03-23 08:12:12,560 DEBUG    root            Loaded Command Group: ['gcloud', 'recommender']
2023-03-23 08:12:12,561 DEBUG    root            Loaded Command Group: ['gcloud', 'iap']
2023-03-23 08:12:12,562 DEBUG    root            Loaded Command Group: ['gcloud', 'metastore']
2023-03-23 08:12:12,562 DEBUG    root            Loaded Command Group: ['gcloud', 'workspace_add_ons']
2023-03-23 08:12:12,563 DEBUG    root            No implementation for release track [GA] for element: [/Users/hmasood/Downloads/google-cloud-sdk/lib/surface/lifesciences]
2023-03-23 08:12:12,564 DEBUG    root            Loaded Command Group: ['gcloud', 'docker']
2023-03-23 08:12:12,565 DEBUG    root            Loaded Command Group: ['gcloud', 'filestore']
2023-03-23 08:12:12,566 DEBUG    root            Loaded Command Group: ['gcloud', 'monitoring']
2023-03-23 08:12:12,567 DEBUG    root            No implementation for release track [GA] for element: [/Users/hmasood/Downloads/google-cloud-sdk/lib/surface/trace]
2023-03-23 08:12:12,567 DEBUG    root            Loaded Command Group: ['gcloud', 'dataplex']
2023-03-23 08:12:12,568 DEBUG    root            Loaded Command Group: ['gcloud', 'workflows']
2023-03-23 08:12:12,571 DEBUG    root            Loaded Command Group: ['gcloud', 'survey']
2023-03-23 08:12:12,571 DEBUG    root            Loaded Command Group: ['gcloud', 'source']
2023-03-23 08:12:12,575 DEBUG    root            Loaded Command Group: ['gcloud', 'info']
2023-03-23 08:12:12,575 DEBUG    root            Loaded Command Group: ['gcloud', 'network_management']
2023-03-23 08:12:12,576 DEBUG    root            Loaded Command Group: ['gcloud', 'projects']
2023-03-23 08:12:12,577 DEBUG    root            Loaded Command Group: ['gcloud', 'network_security']
2023-03-23 08:12:12,577 DEBUG    root            Loaded Command Group: ['gcloud', 'scc']
2023-03-23 08:12:12,578 DEBUG    root            Loaded Command Group: ['gcloud', 'auth']
2023-03-23 08:12:12,579 DEBUG    root            Loaded Command Group: ['gcloud', 'privateca']
2023-03-23 08:12:12,579 DEBUG    root            Loaded Command Group: ['gcloud', 'services']
2023-03-23 08:12:12,580 DEBUG    root            Loaded Command Group: ['gcloud', 'iam']
2023-03-23 08:12:12,581 DEBUG    root            Loaded Command Group: ['gcloud', 'network_services']
2023-03-23 08:12:12,582 DEBUG    root            No implementation for release track [GA] for element: [/Users/hmasood/Downloads/google-cloud-sdk/lib/surface/resource_config]
2023-03-23 08:12:12,582 DEBUG    root            Loaded Command Group: ['gcloud', 'organizations']
2023-03-23 08:12:12,583 DEBUG    root            No implementation for release track [GA] for element: [/Users/hmasood/Downloads/google-cloud-sdk/lib/surface/publicca]
2023-03-23 08:12:12,583 DEBUG    root            Loaded Command Group: ['gcloud', 'config']
2023-03-23 08:12:12,584 DEBUG    root            No implementation for release track [GA] for element: [/Users/hmasood/Downloads/google-cloud-sdk/lib/surface/mps]
2023-03-23 08:12:12,584 DEBUG    root            Loaded Command Group: ['gcloud', 'ids']
2023-03-23 08:12:12,585 DEBUG    root            No implementation for release track [GA] for element: [/Users/hmasood/Downloads/google-cloud-sdk/lib/surface/beyondcorp]
2023-03-23 08:12:12,586 DEBUG    root            Loaded Command Group: ['gcloud', 'builds']
2023-03-23 08:12:12,586 DEBUG    root            Loaded Command Group: ['gcloud', 'meta']
2023-03-23 08:12:12,587 DEBUG    root            Loaded Command Group: ['gcloud', 'ml_engine']
2023-03-23 08:12:12,588 DEBUG    root            Loaded Command Group: ['gcloud', 'iot']
2023-03-23 08:12:12,588 DEBUG    root            Loaded Command Group: ['gcloud', 'healthcare']
2023-03-23 08:12:12,589 DEBUG    root            Loaded Command Group: ['gcloud', 'firebase']
2023-03-23 08:12:12,590 DEBUG    root            No implementation for release track [GA] for element: [/Users/hmasood/Downloads/google-cloud-sdk/lib/surface/dialogflow]
2023-03-23 08:12:12,590 DEBUG    root            Loaded Command Group: ['gcloud', 'datastore']
2023-03-23 08:12:12,590 DEBUG    root            Loaded Command Group: ['gcloud', 'edge_cache']
2023-03-23 08:12:12,591 DEBUG    root            Loaded Command Group: ['gcloud', 'composer']
2023-03-23 08:12:12,592 DEBUG    root            Loaded Command Group: ['gcloud', 'version']
2023-03-23 08:12:12,592 DEBUG    root            Loaded Command Group: ['gcloud', 'artifacts']
2023-03-23 08:12:12,593 DEBUG    root            Loaded Command Group: ['gcloud', 'access_context_manager']
2023-03-23 08:12:12,594 DEBUG    root            Loaded Command Group: ['gcloud', 'spanner']
2023-03-23 08:12:12,594 DEBUG    root            Loaded Command Group: ['gcloud', 'ai_platform']
2023-03-23 08:12:12,595 DEBUG    root            No implementation for release track [GA] for element: [/Users/hmasood/Downloads/google-cloud-sdk/lib/surface/bq]
2023-03-23 08:12:12,595 DEBUG    root            Loaded Command Group: ['gcloud', 'endpoints']
2023-03-23 08:12:12,596 DEBUG    root            No implementation for release track [GA] for element: [/Users/hmasood/Downloads/google-cloud-sdk/lib/surface/network_actions]
2023-03-23 08:12:12,596 DEBUG    root            Loaded Command Group: ['gcloud', 'game']
2023-03-23 08:12:12,597 DEBUG    root            No implementation for release track [GA] for element: [/Users/hmasood/Downloads/google-cloud-sdk/lib/surface/kuberun]
2023-03-23 08:12:12,611 DEBUG    root            Loaded Command Group: ['gcloud', 'compute']
2023-03-23 08:12:12,613 DEBUG    root            Loaded Command Group: ['gcloud', 'domains']
2023-03-23 08:12:12,613 DEBUG    root            Loaded Command Group: ['gcloud', 'topic']
2023-03-23 08:12:12,614 DEBUG    root            No implementation for release track [GA] for element: [/Users/hmasood/Downloads/google-cloud-sdk/lib/surface/media]
2023-03-23 08:12:12,615 DEBUG    root            Loaded Command Group: ['gcloud', 'identity']
2023-03-23 08:12:12,615 DEBUG    root            Loaded Command Group: ['gcloud', 'resource_settings']
2023-03-23 08:12:12,617 DEBUG    root            Loaded Command Group: ['gcloud', 'feedback']
2023-03-23 08:12:12,617 DEBUG    root            Loaded Command Group: ['gcloud', 'logging']
2023-03-23 08:12:12,618 DEBUG    root            Loaded Command Group: ['gcloud', 'scheduler']
2023-03-23 08:12:12,619 DEBUG    root            Loaded Command Group: ['gcloud', 'debug']
2023-03-23 08:12:12,620 DEBUG    root            Loaded Command Group: ['gcloud', 'dataflow']
2023-03-23 08:12:12,620 DEBUG    root            Loaded Command Group: ['gcloud', 'pubsub']
2023-03-23 08:12:12,621 DEBUG    root            Loaded Command Group: ['gcloud', 'service_directory']
2023-03-23 08:12:12,622 DEBUG    root            Loaded Command Group: ['gcloud', 'anthos']
2023-03-23 08:12:12,622 DEBUG    root            No implementation for release track [GA] for element: [/Users/hmasood/Downloads/google-cloud-sdk/lib/surface/error_reporting]
2023-03-23 08:12:12,622 DEBUG    root            Loaded Command Group: ['gcloud', 'batch']
2023-03-23 08:12:12,623 DEBUG    root            No implementation for release track [GA] for element: [/Users/hmasood/Downloads/google-cloud-sdk/lib/surface/blockchain_node_engine]
2023-03-23 08:12:12,623 DEBUG    root            Loaded Command Group: ['gcloud', 'cloud_shell']
2023-03-23 08:12:12,624 DEBUG    root            No implementation for release track [GA] for element: [/Users/hmasood/Downloads/google-cloud-sdk/lib/surface/genomics]
2023-03-23 08:12:12,624 DEBUG    root            Loaded Command Group: ['gcloud', 'network_connectivity']
2023-03-23 08:12:12,626 DEBUG    root            Loaded Command Group: ['gcloud', 'init']
2023-03-23 08:12:12,626 DEBUG    root            No implementation for release track [GA] for element: [/Users/hmasood/Downloads/google-cloud-sdk/lib/surface/dlp]
2023-03-23 08:12:12,626 DEBUG    root            Loaded Command Group: ['gcloud', 'sql']
2023-03-23 08:12:12,628 ERROR    root            (gcloud) Invalid choice: 'gke'.
