2023-03-23 08:10:40,043 ERROR    root            (gcloud) Command name argument expected.
2023-03-23 08:10:40,051 DEBUG    root            Loaded Command Group: ['gcloud', 'composer']
2023-03-23 08:10:40,056 DEBUG    root            Loaded Command Group: ['gcloud', 'access_approval']
2023-03-23 08:10:40,058 DEBUG    root            Loaded Command Group: ['gcloud', 'config']
2023-03-23 08:10:40,061 DEBUG    root            Loaded Command Group: ['gcloud', 'edge_cloud']
2023-03-23 08:10:40,065 DEBUG    root            No implementation for release track [GA] for element: [/Users/hmasood/Downloads/google-cloud-sdk/lib/surface/blockchain_node_engine]
2023-03-23 08:10:40,067 DEBUG    root            No implementation for release track [GA] for element: [/Users/hmasood/Downloads/google-cloud-sdk/lib/surface/error_reporting]
2023-03-23 08:10:40,069 DEBUG    root            No implementation for release track [GA] for element: [/Users/hmasood/Downloads/google-cloud-sdk/lib/surface/datapipelines]
2023-03-23 08:10:40,077 DEBUG    root            Loaded Command Group: ['gcloud', 'storage']
2023-03-23 08:10:40,080 DEBUG    root            Loaded Command Group: ['gcloud', 'source']
2023-03-23 08:10:40,091 DEBUG    root            Loaded Command Group: ['gcloud', 'feedback']
2023-03-23 08:10:40,094 DEBUG    root            Loaded Command Group: ['gcloud', 'network_security']
2023-03-23 08:10:40,096 DEBUG    root            Loaded Command Group: ['gcloud', 'scheduler']
2023-03-23 08:10:40,099 DEBUG    root            Loaded Command Group: ['gcloud', 'filestore']
2023-03-23 08:10:40,110 DEBUG    root            Loaded Command Group: ['gcloud', 'init']
2023-03-23 08:10:40,113 DEBUG    root            No implementation for release track [GA] for element: [/Users/hmasood/Downloads/google-cloud-sdk/lib/surface/commerce_procurement]
2023-03-23 08:10:40,114 DEBUG    root            Loaded Command Group: ['gcloud', 'batch']
2023-03-23 08:10:40,117 DEBUG    root            Loaded Command Group: ['gcloud', 'game']
2023-03-23 08:10:40,119 DEBUG    root            Loaded Command Group: ['gcloud', 'workflows']
2023-03-23 08:10:40,122 DEBUG    root            Loaded Command Group: ['gcloud', 'network_connectivity']
2023-03-23 08:10:40,124 DEBUG    root            Loaded Command Group: ['gcloud', 'deployment_manager']
2023-03-23 08:10:40,127 DEBUG    root            Loaded Command Group: ['gcloud', 'iam']
2023-03-23 08:10:40,130 DEBUG    root            Loaded Command Group: ['gcloud', 'bigtable']
2023-03-23 08:10:40,132 DEBUG    root            No implementation for release track [GA] for element: [/Users/hmasood/Downloads/google-cloud-sdk/lib/surface/blueprints]
2023-03-23 08:10:40,134 DEBUG    root            Loaded Command Group: ['gcloud', 'logging']
2023-03-23 08:10:40,137 DEBUG    root            Loaded Command Group: ['gcloud', 'deploy']
2023-03-23 08:10:40,139 DEBUG    root            Loaded Command Group: ['gcloud', 'meta']
2023-03-23 08:10:40,142 DEBUG    root            Loaded Command Group: ['gcloud', 'artifacts']
2023-03-23 08:10:40,145 DEBUG    root            No implementation for release track [GA] for element: [/Users/hmasood/Downloads/google-cloud-sdk/lib/surface/data_fusion]
2023-03-23 08:10:40,147 DEBUG    root            Loaded Command Group: ['gcloud', 'sql']
2023-03-23 08:10:40,150 DEBUG    root            Loaded Command Group: ['gcloud', 'privateca']
2023-03-23 08:10:40,153 DEBUG    root            Loaded Command Group: ['gcloud', 'datastream']
2023-03-23 08:10:40,155 DEBUG    root            Loaded Command Group: ['gcloud', 'anthos']
2023-03-23 08:10:40,157 DEBUG    root            Loaded Command Group: ['gcloud', 'dataplex']
2023-03-23 08:10:40,159 DEBUG    root            No implementation for release track [GA] for element: [/Users/hmasood/Downloads/google-cloud-sdk/lib/surface/dlp]
2023-03-23 08:10:40,161 DEBUG    root            Loaded Command Group: ['gcloud', 'emulators']
2023-03-23 08:10:40,163 DEBUG    root            Loaded Command Group: ['gcloud', 'dataflow']
2023-03-23 08:10:40,166 DEBUG    root            Loaded Command Group: ['gcloud', 'secrets']
2023-03-23 08:10:40,168 DEBUG    root            No implementation for release track [GA] for element: [/Users/hmasood/Downloads/google-cloud-sdk/lib/surface/mps]
2023-03-23 08:10:40,169 DEBUG    root            Loaded Command Group: ['gcloud', 'immersive_stream']
2023-03-23 08:10:40,171 DEBUG    root            Loaded Command Group: ['gcloud', 'endpoints']
2023-03-23 08:10:40,211 DEBUG    root            Loaded Command Group: ['gcloud', 'ai_platform']
2023-03-23 08:10:40,214 DEBUG    root            Loaded Command Group: ['gcloud', 'redis']
2023-03-23 08:10:40,216 DEBUG    root            Loaded Command Group: ['gcloud', 'services']
2023-03-23 08:10:40,219 DEBUG    root            Loaded Command Group: ['gcloud', 'resource_settings']
2023-03-23 08:10:40,221 DEBUG    root            Loaded Command Group: ['gcloud', 'policy_troubleshoot']
2023-03-23 08:10:40,223 DEBUG    root            No implementation for release track [GA] for element: [/Users/hmasood/Downloads/google-cloud-sdk/lib/surface/terraform]
2023-03-23 08:10:40,225 DEBUG    root            Loaded Command Group: ['gcloud', 'asset']
2023-03-23 08:10:40,227 DEBUG    root            Loaded Command Group: ['gcloud', 'cloud_shell']
2023-03-23 08:10:40,229 DEBUG    root            Loaded Command Group: ['gcloud', 'eventarc']
2023-03-23 08:10:40,232 DEBUG    root            Loaded Command Group: ['gcloud', 'network_services']
2023-03-23 08:10:40,235 DEBUG    root            Loaded Command Group: ['gcloud', 'topic']
2023-03-23 08:10:40,237 DEBUG    root            Loaded Command Group: ['gcloud', 'notebooks']
2023-03-23 08:10:40,248 DEBUG    root            Loaded Command Group: ['gcloud', 'functions']
2023-03-23 08:10:40,251 DEBUG    root            Loaded Command Group: ['gcloud', 'access_context_manager']
2023-03-23 08:10:40,363 DEBUG    root            Loaded Command Group: ['gcloud', 'compute']
2023-03-23 08:10:40,375 DEBUG    root            Loaded Command Group: ['gcloud', 'kms']
2023-03-23 08:10:40,379 DEBUG    root            Loaded Command Group: ['gcloud', 'dns']
2023-03-23 08:10:40,383 DEBUG    root            No implementation for release track [GA] for element: [/Users/hmasood/Downloads/google-cloud-sdk/lib/surface/genomics]
2023-03-23 08:10:40,387 DEBUG    root            No implementation for release track [GA] for element: [/Users/hmasood/Downloads/google-cloud-sdk/lib/surface/kuberun]
2023-03-23 08:10:40,392 DEBUG    root            Loaded Command Group: ['gcloud', 'firestore']
2023-03-23 08:10:40,395 DEBUG    root            Loaded Command Group: ['gcloud', 'recommender']
2023-03-23 08:10:40,399 DEBUG    root            Loaded Command Group: ['gcloud', 'vmware']
2023-03-23 08:10:40,404 DEBUG    root            Loaded Command Group: ['gcloud', 'alloydb']
2023-03-23 08:10:40,408 DEBUG    root            Loaded Command Group: ['gcloud', 'api_gateway']
2023-03-23 08:10:40,412 DEBUG    root            Loaded Command Group: ['gcloud', 'transcoder']
2023-03-23 08:10:40,416 DEBUG    root            Loaded Command Group: ['gcloud', 'spanner']
2023-03-23 08:10:40,420 DEBUG    root            Loaded Command Group: ['gcloud', 'essential_contacts']
2023-03-23 08:10:40,424 DEBUG    root            No implementation for release track [GA] for element: [/Users/hmasood/Downloads/google-cloud-sdk/lib/surface/source_manager]
2023-03-23 08:10:40,427 DEBUG    root            Loaded Command Group: ['gcloud', 'recaptcha']
2023-03-23 08:10:40,431 DEBUG    root            Loaded Command Group: ['gcloud', 'organizations']
2023-03-23 08:10:40,435 DEBUG    root            Loaded Command Group: ['gcloud', 'service_directory']
2023-03-23 08:10:40,439 DEBUG    root            Loaded Command Group: ['gcloud', 'scc']
2023-03-23 08:10:40,445 DEBUG    root            Loaded Command Group: ['gcloud', 'ml']
2023-03-23 08:10:40,457 DEBUG    root            Loaded Command Group: ['gcloud', 'docker']
2023-03-23 08:10:40,462 DEBUG    root            Loaded Command Group: ['gcloud', 'iot']
2023-03-23 08:10:40,466 DEBUG    root            No implementation for release track [GA] for element: [/Users/hmasood/Downloads/google-cloud-sdk/lib/surface/telco_automation]
2023-03-23 08:10:40,471 DEBUG    root            Loaded Command Group: ['gcloud', 'version']
2023-03-23 08:10:40,474 DEBUG    root            Loaded Command Group: ['gcloud', 'datastore']
2023-03-23 08:10:40,478 DEBUG    root            Loaded Command Group: ['gcloud', 'iap']
2023-03-23 08:10:40,483 DEBUG    root            No implementation for release track [GA] for element: [/Users/hmasood/Downloads/google-cloud-sdk/lib/surface/looker]
2023-03-23 08:10:40,486 DEBUG    root            Loaded Command Group: ['gcloud', 'workspace_add_ons']
2023-03-23 08:10:40,490 DEBUG    root            Loaded Command Group: ['gcloud', 'edge_cache']
2023-03-23 08:10:40,494 DEBUG    root            Loaded Command Group: ['gcloud', 'identity']
2023-03-23 08:10:40,498 DEBUG    root            Loaded Command Group: ['gcloud', 'database_migration']
2023-03-23 08:10:40,502 DEBUG    root            No implementation for release track [GA] for element: [/Users/hmasood/Downloads/google-cloud-sdk/lib/surface/bq]
2023-03-23 08:10:40,513 DEBUG    root            No implementation for release track [GA] for element: [/Users/hmasood/Downloads/google-cloud-sdk/lib/surface/trace]
2023-03-23 08:10:40,517 DEBUG    root            Loaded Command Group: ['gcloud', 'pubsub']
2023-03-23 08:10:40,529 DEBUG    root            No implementation for release track [GA] for element: [/Users/hmasood/Downloads/google-cloud-sdk/lib/surface/runtime_config]
2023-03-23 08:10:40,532 DEBUG    root            Loaded Command Group: ['gcloud', 'components']
2023-03-23 08:10:40,537 DEBUG    root            No implementation for release track [GA] for element: [/Users/hmasood/Downloads/google-cloud-sdk/lib/surface/resource_config]
2023-03-23 08:10:40,541 DEBUG    root            Loaded Command Group: ['gcloud', 'certificate_manager']
2023-03-23 08:10:40,544 DEBUG    root            Loaded Command Group: ['gcloud', 'assured']
2023-03-23 08:10:40,548 DEBUG    root            Loaded Command Group: ['gcloud', 'data_catalog']
2023-03-23 08:10:40,592 DEBUG    root            Loaded Command Group: ['gcloud', 'survey']
2023-03-23 08:10:40,599 DEBUG    root            No implementation for release track [GA] for element: [/Users/hmasood/Downloads/google-cloud-sdk/lib/surface/web_security_scanner]
2023-03-23 08:10:40,604 DEBUG    root            Loaded Command Group: ['gcloud', 'dataproc']
2023-03-23 08:10:41,080 DEBUG    root            No implementation for release track [GA] for element: [/Users/hmasood/Downloads/google-cloud-sdk/lib/surface/interactive]
2023-03-23 08:10:41,085 DEBUG    root            Loaded Command Group: ['gcloud', 'cheat_sheet']
2023-03-23 08:10:41,091 DEBUG    root            Loaded Command Group: ['gcloud', 'billing']
2023-03-23 08:10:41,102 DEBUG    root            Loaded Command Group: ['gcloud', 'transfer']
2023-03-23 08:10:41,106 DEBUG    root            Loaded Command Group: ['gcloud', 'metastore']
2023-03-23 08:10:41,110 DEBUG    root            Loaded Command Group: ['gcloud', 'network_management']
2023-03-23 08:10:41,113 DEBUG    root            No implementation for release track [GA] for element: [/Users/hmasood/Downloads/google-cloud-sdk/lib/surface/publicca]
2023-03-23 08:10:41,116 DEBUG    root            No implementation for release track [GA] for element: [/Users/hmasood/Downloads/google-cloud-sdk/lib/surface/workstations]
2023-03-23 08:10:41,126 DEBUG    root            No implementation for release track [GA] for element: [/Users/hmasood/Downloads/google-cloud-sdk/lib/surface/dialogflow]
2023-03-23 08:10:41,131 DEBUG    root            No implementation for release track [GA] for element: [/Users/hmasood/Downloads/google-cloud-sdk/lib/surface/network_actions]
2023-03-23 08:10:41,136 DEBUG    root            Loaded Command Group: ['gcloud', 'ai']
2023-03-23 08:10:41,141 DEBUG    root            Loaded Command Group: ['gcloud', 'active_directory']
2023-03-23 08:10:41,147 DEBUG    root            Loaded Command Group: ['gcloud', 'monitoring']
2023-03-23 08:10:41,159 DEBUG    root            Loaded Command Group: ['gcloud', 'memcache']
2023-03-23 08:10:41,164 DEBUG    root            Loaded Command Group: ['gcloud', 'apigee']
2023-03-23 08:10:41,168 DEBUG    root            Loaded Command Group: ['gcloud', 'firebase']
2023-03-23 08:10:41,179 DEBUG    root            Loaded Command Group: ['gcloud', 'info']
2023-03-23 08:10:41,184 DEBUG    root            No implementation for release track [GA] for element: [/Users/hmasood/Downloads/google-cloud-sdk/lib/surface/microservices]
2023-03-23 08:10:41,186 DEBUG    root            Loaded Command Group: ['gcloud', 'ids']
2023-03-23 08:10:41,190 DEBUG    root            Loaded Command Group: ['gcloud', 'policy_intelligence']
2023-03-23 08:10:41,195 DEBUG    root            No implementation for release track [GA] for element: [/Users/hmasood/Downloads/google-cloud-sdk/lib/surface/media]
2023-03-23 08:10:41,198 DEBUG    root            Loaded Command Group: ['gcloud', 'resource_manager']
2023-03-23 08:10:41,203 DEBUG    root            Loaded Command Group: ['gcloud', 'healthcare']
2023-03-23 08:10:41,207 DEBUG    root            Loaded Command Group: ['gcloud', 'org_policies']
2023-03-23 08:10:41,224 DEBUG    root            Loaded Command Group: ['gcloud', 'debug']
2023-03-23 08:10:41,229 DEBUG    root            No implementation for release track [GA] for element: [/Users/hmasood/Downloads/google-cloud-sdk/lib/surface/workload_certificate]
2023-03-23 08:10:41,250 DEBUG    root            Loaded Command Group: ['gcloud', 'builds']
2023-03-23 08:10:41,256 DEBUG    root            Loaded Command Group: ['gcloud', 'auth']
2023-03-23 08:10:41,277 DEBUG    root            No implementation for release track [GA] for element: [/Users/hmasood/Downloads/google-cloud-sdk/lib/surface/code]
2023-03-23 08:10:41,280 DEBUG    root            Loaded Command Group: ['gcloud', 'bms']
2023-03-23 08:10:41,286 DEBUG    root            No implementation for release track [GA] for element: [/Users/hmasood/Downloads/google-cloud-sdk/lib/surface/beyondcorp]
2023-03-23 08:10:41,436 DEBUG    root            No implementation for release track [GA] for element: [/Users/hmasood/Downloads/google-cloud-sdk/lib/surface/events]
2023-03-23 08:10:41,439 DEBUG    root            Loaded Command Group: ['gcloud', 'run']
2023-03-23 08:10:41,452 DEBUG    root            No implementation for release track [GA] for element: [/Users/hmasood/Downloads/google-cloud-sdk/lib/surface/lifesciences]
2023-03-23 08:10:41,456 DEBUG    root            Loaded Command Group: ['gcloud', 'domains']
2023-03-23 08:10:41,461 DEBUG    root            Loaded Command Group: ['gcloud', 'tasks']
2023-03-23 08:10:41,465 DEBUG    root            Loaded Command Group: ['gcloud', 'app']
2023-03-23 08:10:41,468 DEBUG    root            Loaded Command Group: ['gcloud', 'ml_engine']
2023-03-23 08:10:41,472 DEBUG    root            Loaded Command Group: ['gcloud', 'projects']
2023-03-23 08:10:41,508 DEBUG    root            Loaded Command Group: ['gcloud', 'help']
2023-03-23 08:10:41,514 DEBUG    root            No implementation for release track [GA] for element: [/Users/hmasood/Downloads/google-cloud-sdk/lib/surface/netapp]
2023-03-23 08:10:41,517 DEBUG    root            No implementation for release track [GA] for element: [/Users/hmasood/Downloads/google-cloud-sdk/lib/surface/remote_build_execution]
2023-03-23 08:10:41,520 DEBUG    root            Chosen display Format:table[no-heading,margin=6,width=80]([0]:label='':align=left:width=22,[1]:label='':align=left:wrap)
2023-03-23 08:10:41,521 DEBUG    root            Chosen display Format:table[no-heading,margin=6,width=80]([0]:label='':align=left:width=22,[1]:label='':align=left:wrap)
2023-03-23 08:10:41,524 DEBUG    root            Chosen display Format:table[no-heading,margin=6,width=80]([0]:label='':align=left:width=22,[1]:label='':align=left:wrap)
2023-03-23 08:10:41,525 DEBUG    root            Chosen display Format:table[no-heading,margin=6,width=80]([0]:label='':align=left:width=22,[1]:label='':align=left:wrap)
2023-03-23 08:10:41,525 DEBUG    root            Chosen display Format:table[no-heading,margin=6,width=80]([0]:label='':align=left:width=22,[1]:label='':align=left:wrap)
2023-03-23 08:10:41,526 DEBUG    root            Chosen display Format:table[no-heading,margin=6,width=80]([0]:label='':align=left:width=22,[1]:label='':align=left:wrap)
2023-03-23 08:10:41,527 DEBUG    root            Chosen display Format:table[no-heading,margin=6,width=80]([0]:label='':align=left:width=22,[1]:label='':align=left:wrap)
2023-03-23 08:10:41,529 DEBUG    root            Chosen display Format:table[no-heading,margin=6,width=80]([0]:label='':align=left:width=22,[1]:label='':align=left:wrap)
2023-03-23 08:10:41,532 DEBUG    root            Chosen display Format:table[no-heading,margin=6,width=80]([0]:label='':align=left:width=22,[1]:label='':align=left:wrap)
2023-03-23 08:10:41,533 DEBUG    root            Chosen display Format:table[no-heading,margin=6,width=80]([0]:label='':align=left:width=22,[1]:label='':align=left:wrap)
2023-03-23 08:10:41,534 DEBUG    root            Chosen display Format:table[no-heading,margin=6,width=80]([0]:label='':align=left:width=22,[1]:label='':align=left:wrap)
2023-03-23 08:10:41,537 DEBUG    root            Chosen display Format:table[no-heading,margin=6,width=80]([0]:label='':align=left:width=22,[1]:label='':align=left:wrap)
2023-03-23 08:10:41,538 DEBUG    root            Chosen display Format:table[no-heading,margin=6,width=80]([0]:label='':align=left:width=22,[1]:label='':align=left:wrap)
2023-03-23 08:10:41,539 DEBUG    root            Chosen display Format:table[no-heading,margin=6,width=80]([0]:label='':align=left:width=22,[1]:label='':align=left:wrap)
2023-03-23 08:10:41,540 DEBUG    root            Chosen display Format:table[no-heading,margin=6,width=80]([0]:label='':align=left:width=22,[1]:label='':align=left:wrap)
2023-03-23 08:10:41,540 DEBUG    root            Chosen display Format:table[no-heading,margin=6,width=80]([0]:label='':align=left:width=22,[1]:label='':align=left:wrap)
2023-03-23 08:10:41,542 DEBUG    root            Chosen display Format:table[no-heading,margin=6,width=80]([0]:label='':align=left:width=22,[1]:label='':align=left:wrap)
2023-03-23 08:10:41,543 DEBUG    root            Chosen display Format:table[no-heading,margin=6,width=80]([0]:label='':align=left:width=22,[1]:label='':align=left:wrap)
2023-03-23 08:10:41,544 DEBUG    root            Chosen display Format:table[no-heading,margin=6,width=80]([0]:label='':align=left:width=22,[1]:label='':align=left:wrap)
2023-03-23 08:10:41,545 DEBUG    root            Chosen display Format:table[no-heading,margin=6,width=80]([0]:label='':align=left:width=22,[1]:label='':align=left:wrap)
2023-03-23 08:10:41,545 DEBUG    root            Chosen display Format:table[no-heading,margin=6,width=80]([0]:label='':align=left:width=22,[1]:label='':align=left:wrap)
2023-03-23 08:10:41,546 DEBUG    root            Chosen display Format:table[no-heading,margin=6,width=80]([0]:label='':align=left:width=22,[1]:label='':align=left:wrap)
2023-03-23 08:10:41,547 DEBUG    root            Chosen display Format:table[no-heading,margin=6,width=80]([0]:label='':align=left:width=22,[1]:label='':align=left:wrap)
2023-03-23 08:10:41,547 DEBUG    root            Chosen display Format:table[no-heading,margin=6,width=80]([0]:label='':align=left:width=22,[1]:label='':align=left:wrap)
2023-03-23 08:10:41,548 DEBUG    root            Chosen display Format:table[no-heading,margin=6,width=80]([0]:label='':align=left:width=22,[1]:label='':align=left:wrap)
2023-03-23 08:10:41,549 DEBUG    root            Chosen display Format:table[no-heading,margin=6,width=80]([0]:label='':align=left:width=22,[1]:label='':align=left:wrap)
