2023-03-23 14:09:57,603 DEBUG    root            Loaded Command Group: ['gcloud', 'config']
2023-03-23 14:09:57,605 DEBUG    root            Loaded Command Group: ['gcloud', 'config', 'config_helper']
2023-03-23 14:09:57,606 DEBUG    root            Running [gcloud.config.config-helper] with arguments: [--format: "json"]
2023-03-23 14:09:57,631 DEBUG    google.auth.transport.requests Making request: POST https://oauth2.googleapis.com/token
2023-03-23 14:09:57,661 DEBUG    urllib3.connectionpool Starting new HTTPS connection (1): oauth2.googleapis.com:443
2023-03-23 14:09:57,766 DEBUG    urllib3.connectionpool https://oauth2.googleapis.com:443 "POST /token HTTP/1.1" 200 None
2023-03-23 14:09:57,787 DEBUG    urllib3.connectionpool Starting new HTTPS connection (1): www.gstatic.com:443
2023-03-23 14:09:57,850 DEBUG    urllib3.connectionpool https://www.gstatic.com:443 "GET /cloudsdk/feature_flag_config_file.yaml HTTP/1.1" 200 101
2023-03-23 14:09:57,856 DEBUG    root            Chosen display Format:default json
2023-03-23 14:09:57,856 INFO     root            Display format: "default json"
2023-03-23 14:09:57,856 INFO     ___FILE_ONLY___ {
  "configuration": {
    "active_configuration": "default",
    "properties": {
      "compute": {
        "region": "europe-west4",
        "zone": "europe-west4-b"
      },
      "core": {
        "account": "hmasood@purestorage.com",
        "disable_usage_reporting": "True",
        "project": "pwx-cnbu-cx-support"
      }
    }
  },
  "credential": {
    "access_token": "ya29.a0AVvZVsqBCJe_kSJ9RsKyt3CBK6kIafcp2sBu_mVEyiaWI7r3KDJjhd62p9NRyhonVHllWVRoq9b7tDCcWLAQZZd10fNu0FFUQR3j6v2PCp77u-BK0-9fane9gphVnXpCYuu2g0n_j1kmF6rtHH6TYyZgJSAGhItnQTLdewaCgYKAZMSARMSFQGbdwaITEGDMfuKNGtZZrJ9Yho8Rw0173",
    "id_token": "eyJhbGciOiJSUzI1NiIsImtpZCI6Ijk4NmVlOWEzYjc1MjBiNDk0ZGY1NGZlMzJlM2U1YzRjYTY4NWM4OWQiLCJ0eXAiOiJKV1QifQ.eyJpc3MiOiJodHRwczovL2FjY291bnRzLmdvb2dsZS5jb20iLCJhenAiOiIzMjU1NTk0MDU1OS5hcHBzLmdvb2dsZXVzZXJjb250ZW50LmNvbSIsImF1ZCI6IjMyNTU1OTQwNTU5LmFwcHMuZ29vZ2xldXNlcmNvbnRlbnQuY29tIiwic3ViIjoiMTA3NDg5OTgyNzc0MTQ3NTc1NzQ4IiwiaGQiOiJwdXJlc3RvcmFnZS5jb20iLCJlbWFpbCI6ImhtYXNvb2RAcHVyZXN0b3JhZ2UuY29tIiwiZW1haWxfdmVyaWZpZWQiOnRydWUsImF0X2hhc2giOiJ2d1BDS04zcll2WXFDRENsOEtIUWJBIiwiaWF0IjoxNjc5NTgwNTk3LCJleHAiOjE2Nzk1ODQxOTd9.a1QJzAgvWpBvLTfWbUjju9VjV45JFbUcQtPx3IZfukGjoO7Uy3kYELD-S0BUS1ws0KGZQwhg5IsBj7AzjmfRZXWqoLMApXK5MASRyk-XiyjUMD9CcEHAG2K2GpeA7Owc3arBODGkT6dC-QApCxzXMn90BomyypqnrlN3WJtiTQu3E56owfF-J8jHXIHnXDVy6UjfvRqNyZzElO7Y-pY77n4PdwRBow6UbpedfuKOexEhwvIPmblLWCcPy6Ml3NVIzxhyP2GNQoyJOXHjvZrrItdtFO9hwhAuOMa_70Zy7eYnqNigJB2zOPfwcLmW5gZetjvdaBSySxeRIRqM073W0A",
    "token_expiry": "2023-03-23T15:09:56Z"
  },
  "sentinels": {
    "config_sentinel": "/Users/hmasood/.config/gcloud/config_sentinel"
  }
}
2023-03-23 14:09:57,857 INFO     ___FILE_ONLY___ 

