2023-03-28 07:05:13,210 DEBUG    root            Loaded Command Group: ['gcloud', 'config']
2023-03-28 07:05:13,212 DEBUG    root            Loaded Command Group: ['gcloud', 'config', 'config_helper']
2023-03-28 07:05:13,213 DEBUG    root            Running [gcloud.config.config-helper] with arguments: [--format: "json"]
2023-03-28 07:05:13,227 DEBUG    urllib3.connectionpool Starting new HTTPS connection (1): www.gstatic.com:443
2023-03-28 07:05:14,388 DEBUG    urllib3.connectionpool https://www.gstatic.com:443 "GET /cloudsdk/feature_flag_config_file.yaml HTTP/1.1" 200 101
2023-03-28 07:05:14,399 DEBUG    root            Chosen display Format:default json
2023-03-28 07:05:14,400 INFO     root            Display format: "default json"
2023-03-28 07:05:14,400 INFO     ___FILE_ONLY___ {
  "configuration": {
    "active_configuration": "default",
    "properties": {
      "compute": {
        "region": "europe-west4",
        "zone": "europe-west4-b"
      },
      "core": {
        "account": "hmasood@purestorage.com",
        "disable_usage_reporting": "True",
        "project": "pwx-cnbu-cx-support"
      }
    }
  },
  "credential": {
    "access_token": "ya29.a0Ael9sCPx2eLI4S7kGH1mIqA0awOVC4ESHqQQbeKfE53kBlw18GDHVB1MHxxvC3sPt6U4PJu3sW2ymnCHzoeQhJJdxFZW7rc2NZYqq30cruEuFiu0CFq7bPLY7vywOJoeqjrRg93mDmSsplfdHwpg2uSyuB8OcK2s6GMV9AaCgYKAT0SARMSFQF4udJhxyY4eONP0-VAyXP8NLTlOA0173",
    "id_token": "eyJhbGciOiJSUzI1NiIsImtpZCI6IjFhYWU4ZDdjOTIwNThiNWVlYTQ1Njg5NWJmODkwODQ1NzFlMzA2ZjMiLCJ0eXAiOiJKV1QifQ.eyJpc3MiOiJodHRwczovL2FjY291bnRzLmdvb2dsZS5jb20iLCJhenAiOiIzMjU1NTk0MDU1OS5hcHBzLmdvb2dsZXVzZXJjb250ZW50LmNvbSIsImF1ZCI6IjMyNTU1OTQwNTU5LmFwcHMuZ29vZ2xldXNlcmNvbnRlbnQuY29tIiwic3ViIjoiMTA3NDg5OTgyNzc0MTQ3NTc1NzQ4IiwiaGQiOiJwdXJlc3RvcmFnZS5jb20iLCJlbWFpbCI6ImhtYXNvb2RAcHVyZXN0b3JhZ2UuY29tIiwiZW1haWxfdmVyaWZpZWQiOnRydWUsImF0X2hhc2giOiIyQUJPV2tzY0dLZEpGQUZVMXZ2SElRIiwiaWF0IjoxNjc5OTgzNDc3LCJleHAiOjE2Nzk5ODcwNzd9.EA48I3qRqYkYCuj2vcA2j7f0cHR60gGUpfwu9ahwDSQa4Npcfypn9Q0gqS7jHVP_qTEXFmbnlrst8IIAgfLLO1feycCefomc_WNDsgKFWV2-oxqKp47XumaGOLi2SZel-AEpE7Ro-biV8nLyCD1DUDHeSAJmJkTuOaZ57_JwzBbvm5K_82q6_WaL4Osxxg32LWhONaiik0X4_4ETjRkXyTsbDnFjBZKkFiSlh0S1xoRhBdg9Es3L2QgTnbio0nWnDvFdJJAqC0DfLEQxRsZiU3QNWrIDQjAlnUKNR5au8p6wclX-iWnrI5grZ2IPHWgjh6TIFjIkzh0T6hl4ZQjTrA",
    "token_expiry": "2023-03-28T07:04:36Z"
  },
  "sentinels": {
    "config_sentinel": "/Users/hmasood/.config/gcloud/config_sentinel"
  }
}
2023-03-28 07:05:14,401 INFO     ___FILE_ONLY___ 

