2023-03-28 13:38:18,756 DEBUG    root            Loaded Command Group: ['gcloud', 'compute']
2023-03-28 13:38:18,774 DEBUG    root            Loaded Command Group: ['gcloud', 'compute', 'ssh']
2023-03-28 13:38:18,776 DEBUG    root            Running [gcloud.compute.ssh] with arguments: [--zone: "europe-west1-b", [USER@]INSTANCE: "gke-gke-px-pool3-cd785227-4dwx"]
2023-03-28 13:38:18,822 DEBUG    google.auth.transport.requests Making request: POST https://oauth2.googleapis.com/token
2023-03-28 13:38:18,833 DEBUG    urllib3.connectionpool Starting new HTTPS connection (1): oauth2.googleapis.com:443
2023-03-28 13:38:20,056 DEBUG    urllib3.connectionpool https://oauth2.googleapis.com:443 "POST /token HTTP/1.1" 200 None
2023-03-28 13:38:20,210 DEBUG    urllib3.connectionpool Starting new HTTPS connection (1): compute.googleapis.com:443
2023-03-28 13:38:21,485 DEBUG    urllib3.connectionpool https://compute.googleapis.com:443 "POST /batch/compute/v1 HTTP/1.1" 200 None
2023-03-28 13:38:21,785 DEBUG    urllib3.connectionpool Starting new HTTPS connection (1): compute.googleapis.com:443
2023-03-28 13:38:23,214 DEBUG    urllib3.connectionpool https://compute.googleapis.com:443 "POST /batch/compute/v1 HTTP/1.1" 200 None
2023-03-28 13:38:23,230 DEBUG    root            OS Login Enabled: False
2FA Enabled: False
Security Keys Enabled: False
Username: hmasood
SSH Security Key Support: None
Environment: None
Security Keys:


2023-03-28 13:38:23,231 DEBUG    root            Current SSH keys in project: ['hmasood:ssh-rsa AAAAB3NzaC1yc2EAAAADAQABAAABgQC3U3BFyYdwLGySJyQx3woz4la/VOgVAZLFtBkpzPayvrX/6vsNqi2Ya8i1p58jL4YGfUkKlVFw0kVDMcbdeCOke8761D1uzG0lmc752gfSEpZtmhGe/syOVAgteAiCOS+xHfXCGUVa174vcS98Lv/+7fIMejPwj1w78w0//FXQvHKTUPJJcoys+oAZ0bdrZmIHBtPgYFpD6mVid/l1Je2gnjGtxizhGN0Q4r2IdhtH7C0B7c5yJhlmVsiArsPU+Wt9H6t6VMpQwya27vcJ51q80/UKpJsQbh44VlYxBlGQh52EYV4WmJlGqk/Lr24OOjoerr3BZWGQ9z0h+XRJI/9bcM0f2Fdt6iUrdjPKheoVWu0cgiVeuBcSCpg/uzx2myTlGI1KnbkdtEbjcCuEtcZbRUV5D5I+gw0KrfKL8TKuwEbvE9eSHSSvuSwBFOdwPUQiYN0kT6OR7g3XpKa+7J9oP0CYPonluWfBm1aFSNOVeEmO3CZ5OaXG/mccBWUeCvM= hmasood@hmasood--MacBookPro18']
2023-03-28 13:38:23,231 DEBUG    root            Running command [/usr/bin/ssh -t -i /Users/hmasood/.ssh/google_compute_engine -o CheckHostIP=no -o HashKnownHosts=no -o HostKeyAlias=compute.9091921688264736712 -o IdentitiesOnly=yes -o StrictHostKeyChecking=yes -o UserKnownHostsFile=/Users/hmasood/.ssh/google_compute_known_hosts hmasood@34.79.232.208].
2023-03-28 13:38:23,232 DEBUG    root            Executing command: ['/usr/bin/ssh', '-t', '-i', '/Users/hmasood/.ssh/google_compute_engine', '-o', 'CheckHostIP=no', '-o', 'HashKnownHosts=no', '-o', 'HostKeyAlias=compute.9091921688264736712', '-o', 'IdentitiesOnly=yes', '-o', 'StrictHostKeyChecking=yes', '-o', 'UserKnownHostsFile=/Users/hmasood/.ssh/google_compute_known_hosts', 'hmasood@34.79.232.208']
2023-03-28 13:45:08,112 DEBUG    root            Chosen display Format:default
2023-03-28 13:45:08,115 INFO     root            Display format: "default"
