2023-03-22 14:30:24,261 ERROR    root            (gcloud) Command name argument expected.
2023-03-22 14:30:24,272 DEBUG    root            Loaded Command Group: ['gcloud', 'builds']
2023-03-22 14:30:24,274 DEBUG    root            Loaded Command Group: ['gcloud', 'firestore']
2023-03-22 14:30:24,276 DEBUG    root            Loaded Command Group: ['gcloud', 'run']
2023-03-22 14:30:24,279 DEBUG    root            Loaded Command Group: ['gcloud', 'dataproc']
2023-03-22 14:30:24,281 DEBUG    root            Loaded Command Group: ['gcloud', 'services']
2023-03-22 14:30:24,283 DEBUG    root            Loaded Command Group: ['gcloud', 'network_security']
2023-03-22 14:30:24,286 DEBUG    root            No implementation for release track [GA] for element: [/Users/hmasood/Downloads/google-cloud-sdk/lib/surface/remote_build_execution]
2023-03-22 14:30:24,290 DEBUG    root            Loaded Command Group: ['gcloud', 'resource_settings']
2023-03-22 14:30:24,292 DEBUG    root            Loaded Command Group: ['gcloud', 'bigtable']
2023-03-22 14:30:24,293 DEBUG    root            Loaded Command Group: ['gcloud', 'assured']
2023-03-22 14:30:24,295 DEBUG    root            No implementation for release track [GA] for element: [/Users/hmasood/Downloads/google-cloud-sdk/lib/surface/workstations]
2023-03-22 14:30:24,296 DEBUG    root            No implementation for release track [GA] for element: [/Users/hmasood/Downloads/google-cloud-sdk/lib/surface/dlp]
2023-03-22 14:30:24,298 DEBUG    root            Loaded Command Group: ['gcloud', 'iap']
2023-03-22 14:30:24,300 DEBUG    root            Loaded Command Group: ['gcloud', 'domains']
2023-03-22 14:30:24,302 DEBUG    root            Loaded Command Group: ['gcloud', 'billing']
2023-03-22 14:30:24,304 DEBUG    root            Loaded Command Group: ['gcloud', 'healthcare']
2023-03-22 14:30:24,306 DEBUG    root            Loaded Command Group: ['gcloud', 'batch']
2023-03-22 14:30:24,308 DEBUG    root            Loaded Command Group: ['gcloud', 'anthos']
2023-03-22 14:30:24,310 DEBUG    root            Loaded Command Group: ['gcloud', 'recaptcha']
2023-03-22 14:30:24,313 DEBUG    root            Loaded Command Group: ['gcloud', 'policy_troubleshoot']
2023-03-22 14:30:24,315 DEBUG    root            Loaded Command Group: ['gcloud', 'access_context_manager']
2023-03-22 14:30:24,317 DEBUG    root            Loaded Command Group: ['gcloud', 'dataplex']
2023-03-22 14:30:24,319 DEBUG    root            No implementation for release track [GA] for element: [/Users/hmasood/Downloads/google-cloud-sdk/lib/surface/trace]
2023-03-22 14:30:24,321 DEBUG    root            No implementation for release track [GA] for element: [/Users/hmasood/Downloads/google-cloud-sdk/lib/surface/lifesciences]
2023-03-22 14:30:24,322 DEBUG    root            No implementation for release track [GA] for element: [/Users/hmasood/Downloads/google-cloud-sdk/lib/surface/source_manager]
2023-03-22 14:30:24,324 DEBUG    root            Loaded Command Group: ['gcloud', 'notebooks']
2023-03-22 14:30:24,327 DEBUG    root            Loaded Command Group: ['gcloud', 'cloud_shell']
2023-03-22 14:30:24,329 DEBUG    root            No implementation for release track [GA] for element: [/Users/hmasood/Downloads/google-cloud-sdk/lib/surface/web_security_scanner]
2023-03-22 14:30:24,330 DEBUG    root            Loaded Command Group: ['gcloud', 'composer']
2023-03-22 14:30:24,332 DEBUG    root            Loaded Command Group: ['gcloud', 'iam']
2023-03-22 14:30:24,334 DEBUG    root            Loaded Command Group: ['gcloud', 'network_connectivity']
2023-03-22 14:30:24,350 DEBUG    root            Loaded Command Group: ['gcloud', 'help']
2023-03-22 14:30:24,352 DEBUG    root            Loaded Command Group: ['gcloud', 'datastream']
2023-03-22 14:30:24,354 DEBUG    root            Loaded Command Group: ['gcloud', 'essential_contacts']
2023-03-22 14:30:24,355 DEBUG    root            Loaded Command Group: ['gcloud', 'dns']
2023-03-22 14:30:24,357 DEBUG    root            Loaded Command Group: ['gcloud', 'iot']
2023-03-22 14:30:24,358 DEBUG    root            Loaded Command Group: ['gcloud', 'ml']
2023-03-22 14:30:24,360 DEBUG    root            Loaded Command Group: ['gcloud', 'immersive_stream']
2023-03-22 14:30:24,361 DEBUG    root            Loaded Command Group: ['gcloud', 'access_approval']
2023-03-22 14:30:24,363 DEBUG    root            Loaded Command Group: ['gcloud', 'projects']
2023-03-22 14:30:24,365 DEBUG    root            Loaded Command Group: ['gcloud', 'spanner']
2023-03-22 14:30:24,366 DEBUG    root            No implementation for release track [GA] for element: [/Users/hmasood/Downloads/google-cloud-sdk/lib/surface/netapp]
2023-03-22 14:30:24,369 DEBUG    root            Loaded Command Group: ['gcloud', 'debug']
2023-03-22 14:30:24,375 DEBUG    root            Loaded Command Group: ['gcloud', 'storage']
2023-03-22 14:30:24,378 DEBUG    root            Loaded Command Group: ['gcloud', 'network_services']
2023-03-22 14:30:24,380 DEBUG    root            Loaded Command Group: ['gcloud', 'privateca']
2023-03-22 14:30:24,382 DEBUG    root            Loaded Command Group: ['gcloud', 'scheduler']
2023-03-22 14:30:24,384 DEBUG    root            Loaded Command Group: ['gcloud', 'logging']
2023-03-22 14:30:24,387 DEBUG    root            No implementation for release track [GA] for element: [/Users/hmasood/Downloads/google-cloud-sdk/lib/surface/dialogflow]
2023-03-22 14:30:24,389 DEBUG    root            Loaded Command Group: ['gcloud', 'vmware']
2023-03-22 14:30:24,404 DEBUG    root            Loaded Command Group: ['gcloud', 'feedback']
2023-03-22 14:30:24,649 DEBUG    root            No implementation for release track [GA] for element: [/Users/hmasood/Downloads/google-cloud-sdk/lib/surface/interactive]
2023-03-22 14:30:24,652 DEBUG    root            Loaded Command Group: ['gcloud', 'game']
2023-03-22 14:30:24,655 DEBUG    root            No implementation for release track [GA] for element: [/Users/hmasood/Downloads/google-cloud-sdk/lib/surface/kuberun]
2023-03-22 14:30:24,656 DEBUG    root            No implementation for release track [GA] for element: [/Users/hmasood/Downloads/google-cloud-sdk/lib/surface/publicca]
2023-03-22 14:30:24,658 DEBUG    root            Loaded Command Group: ['gcloud', 'apigee']
2023-03-22 14:30:24,763 DEBUG    root            No implementation for release track [GA] for element: [/Users/hmasood/Downloads/google-cloud-sdk/lib/surface/events]
2023-03-22 14:30:24,764 DEBUG    root            Loaded Command Group: ['gcloud', 'sql']
2023-03-22 14:30:24,767 DEBUG    root            Loaded Command Group: ['gcloud', 'identity']
2023-03-22 14:30:24,769 DEBUG    root            Loaded Command Group: ['gcloud', 'workflows']
2023-03-22 14:30:24,771 DEBUG    root            No implementation for release track [GA] for element: [/Users/hmasood/Downloads/google-cloud-sdk/lib/surface/genomics]
2023-03-22 14:30:24,773 DEBUG    root            No implementation for release track [GA] for element: [/Users/hmasood/Downloads/google-cloud-sdk/lib/surface/mps]
2023-03-22 14:30:24,791 DEBUG    root            Loaded Command Group: ['gcloud', 'init']
2023-03-22 14:30:24,794 DEBUG    root            No implementation for release track [GA] for element: [/Users/hmasood/Downloads/google-cloud-sdk/lib/surface/bq]
2023-03-22 14:30:24,796 DEBUG    root            Loaded Command Group: ['gcloud', 'auth']
2023-03-22 14:30:24,798 DEBUG    root            Loaded Command Group: ['gcloud', 'active_directory']
2023-03-22 14:30:24,801 DEBUG    root            Loaded Command Group: ['gcloud', 'tasks']
2023-03-22 14:30:24,809 DEBUG    root            No implementation for release track [GA] for element: [/Users/hmasood/Downloads/google-cloud-sdk/lib/surface/code]
2023-03-22 14:30:24,813 DEBUG    root            Loaded Command Group: ['gcloud', 'info']
2023-03-22 14:30:24,869 DEBUG    root            Loaded Command Group: ['gcloud', 'api_gateway']
2023-03-22 14:30:24,871 DEBUG    root            Loaded Command Group: ['gcloud', 'policy_intelligence']
2023-03-22 14:30:24,874 DEBUG    root            No implementation for release track [GA] for element: [/Users/hmasood/Downloads/google-cloud-sdk/lib/surface/terraform]
2023-03-22 14:30:24,876 DEBUG    root            Loaded Command Group: ['gcloud', 'ids']
2023-03-22 14:30:24,878 DEBUG    root            Loaded Command Group: ['gcloud', 'secrets']
2023-03-22 14:30:24,881 DEBUG    root            Loaded Command Group: ['gcloud', 'emulators']
2023-03-22 14:30:24,883 DEBUG    root            Loaded Command Group: ['gcloud', 'config']
2023-03-22 14:30:24,886 DEBUG    root            No implementation for release track [GA] for element: [/Users/hmasood/Downloads/google-cloud-sdk/lib/surface/blueprints]
2023-03-22 14:30:24,888 DEBUG    root            Loaded Command Group: ['gcloud', 'version']
2023-03-22 14:30:24,890 DEBUG    root            Loaded Command Group: ['gcloud', 'ai']
2023-03-22 14:30:24,892 DEBUG    root            Loaded Command Group: ['gcloud', 'service_directory']
2023-03-22 14:30:24,895 DEBUG    root            No implementation for release track [GA] for element: [/Users/hmasood/Downloads/google-cloud-sdk/lib/surface/looker]
2023-03-22 14:30:24,896 DEBUG    root            Loaded Command Group: ['gcloud', 'eventarc']
2023-03-22 14:30:24,898 DEBUG    root            Loaded Command Group: ['gcloud', 'pubsub']
2023-03-22 14:30:24,901 DEBUG    root            Loaded Command Group: ['gcloud', 'memcache']
2023-03-22 14:30:24,903 DEBUG    root            Loaded Command Group: ['gcloud', 'redis']
2023-03-22 14:30:24,906 DEBUG    root            Loaded Command Group: ['gcloud', 'resource_manager']
2023-03-22 14:30:24,908 DEBUG    root            Loaded Command Group: ['gcloud', 'database_migration']
2023-03-22 14:30:24,910 DEBUG    root            Loaded Command Group: ['gcloud', 'source']
2023-03-22 14:30:24,917 DEBUG    root            Loaded Command Group: ['gcloud', 'docker']
2023-03-22 14:30:24,920 DEBUG    root            Loaded Command Group: ['gcloud', 'org_policies']
2023-03-22 14:30:24,922 DEBUG    root            Loaded Command Group: ['gcloud', 'artifacts']
2023-03-22 14:30:24,925 DEBUG    root            No implementation for release track [GA] for element: [/Users/hmasood/Downloads/google-cloud-sdk/lib/surface/datapipelines]
2023-03-22 14:30:24,927 DEBUG    root            No implementation for release track [GA] for element: [/Users/hmasood/Downloads/google-cloud-sdk/lib/surface/media]
2023-03-22 14:30:24,931 DEBUG    root            No implementation for release track [GA] for element: [/Users/hmasood/Downloads/google-cloud-sdk/lib/surface/runtime_config]
2023-03-22 14:30:24,932 DEBUG    root            Loaded Command Group: ['gcloud', 'asset']
2023-03-22 14:30:24,935 DEBUG    root            Loaded Command Group: ['gcloud', 'ml_engine']
2023-03-22 14:30:24,937 DEBUG    root            No implementation for release track [GA] for element: [/Users/hmasood/Downloads/google-cloud-sdk/lib/surface/telco_automation]
2023-03-22 14:30:24,939 DEBUG    root            Loaded Command Group: ['gcloud', 'data_catalog']
2023-03-22 14:30:24,941 DEBUG    root            Loaded Command Group: ['gcloud', 'alloydb']
2023-03-22 14:30:24,944 DEBUG    root            Loaded Command Group: ['gcloud', 'recommender']
2023-03-22 14:30:24,947 DEBUG    root            Loaded Command Group: ['gcloud', 'kms']
2023-03-22 14:30:24,950 DEBUG    root            Loaded Command Group: ['gcloud', 'endpoints']
2023-03-22 14:30:24,954 DEBUG    root            Loaded Command Group: ['gcloud', 'transcoder']
2023-03-22 14:30:24,956 DEBUG    root            Loaded Command Group: ['gcloud', 'deployment_manager']
2023-03-22 14:30:24,959 DEBUG    root            No implementation for release track [GA] for element: [/Users/hmasood/Downloads/google-cloud-sdk/lib/surface/blockchain_node_engine]
2023-03-22 14:30:25,078 DEBUG    root            Loaded Command Group: ['gcloud', 'compute']
2023-03-22 14:30:25,083 DEBUG    root            Loaded Command Group: ['gcloud', 'datastore']
2023-03-22 14:30:25,086 DEBUG    root            Loaded Command Group: ['gcloud', 'dataflow']
2023-03-22 14:30:25,089 DEBUG    root            Loaded Command Group: ['gcloud', 'topic']
2023-03-22 14:30:25,091 DEBUG    root            Loaded Command Group: ['gcloud', 'app']
2023-03-22 14:30:25,095 DEBUG    root            Loaded Command Group: ['gcloud', 'firebase']
2023-03-22 14:30:25,097 DEBUG    root            Loaded Command Group: ['gcloud', 'bms']
2023-03-22 14:30:25,101 DEBUG    root            Loaded Command Group: ['gcloud', 'metastore']
2023-03-22 14:30:25,104 DEBUG    root            No implementation for release track [GA] for element: [/Users/hmasood/Downloads/google-cloud-sdk/lib/surface/network_actions]
2023-03-22 14:30:25,105 DEBUG    root            Loaded Command Group: ['gcloud', 'certificate_manager']
2023-03-22 14:30:25,111 DEBUG    root            Loaded Command Group: ['gcloud', 'filestore']
2023-03-22 14:30:25,114 DEBUG    root            Loaded Command Group: ['gcloud', 'monitoring']
2023-03-22 14:30:25,117 DEBUG    root            Loaded Command Group: ['gcloud', 'cheat_sheet']
2023-03-22 14:30:25,120 DEBUG    root            No implementation for release track [GA] for element: [/Users/hmasood/Downloads/google-cloud-sdk/lib/surface/data_fusion]
2023-03-22 14:30:25,122 DEBUG    root            Loaded Command Group: ['gcloud', 'network_management']
2023-03-22 14:30:25,125 DEBUG    root            No implementation for release track [GA] for element: [/Users/hmasood/Downloads/google-cloud-sdk/lib/surface/commerce_procurement]
2023-03-22 14:30:25,127 DEBUG    root            Loaded Command Group: ['gcloud', 'transfer']
2023-03-22 14:30:25,130 DEBUG    root            Loaded Command Group: ['gcloud', 'organizations']
2023-03-22 14:30:25,133 DEBUG    root            Loaded Command Group: ['gcloud', 'ai_platform']
2023-03-22 14:30:25,136 DEBUG    root            No implementation for release track [GA] for element: [/Users/hmasood/Downloads/google-cloud-sdk/lib/surface/error_reporting]
2023-03-22 14:30:25,137 DEBUG    root            No implementation for release track [GA] for element: [/Users/hmasood/Downloads/google-cloud-sdk/lib/surface/microservices]
2023-03-22 14:30:25,157 DEBUG    root            Loaded Command Group: ['gcloud', 'survey']
2023-03-22 14:30:25,162 DEBUG    root            No implementation for release track [GA] for element: [/Users/hmasood/Downloads/google-cloud-sdk/lib/surface/beyondcorp]
2023-03-22 14:30:25,164 DEBUG    root            Loaded Command Group: ['gcloud', 'edge_cloud']
2023-03-22 14:30:25,167 DEBUG    root            Loaded Command Group: ['gcloud', 'scc']
2023-03-22 14:30:25,170 DEBUG    root            No implementation for release track [GA] for element: [/Users/hmasood/Downloads/google-cloud-sdk/lib/surface/workload_certificate]
2023-03-22 14:30:25,173 DEBUG    root            Loaded Command Group: ['gcloud', 'components']
2023-03-22 14:30:25,176 DEBUG    root            Loaded Command Group: ['gcloud', 'deploy']
2023-03-22 14:30:25,179 DEBUG    root            Loaded Command Group: ['gcloud', 'edge_cache']
2023-03-22 14:30:25,181 DEBUG    root            Loaded Command Group: ['gcloud', 'meta']
2023-03-22 14:30:25,189 DEBUG    root            Loaded Command Group: ['gcloud', 'functions']
2023-03-22 14:30:25,192 DEBUG    root            Loaded Command Group: ['gcloud', 'workspace_add_ons']
2023-03-22 14:30:25,194 DEBUG    root            No implementation for release track [GA] for element: [/Users/hmasood/Downloads/google-cloud-sdk/lib/surface/resource_config]
2023-03-22 14:30:25,195 DEBUG    root            Chosen display Format:table[no-heading,margin=6,width=80]([0]:label='':align=left:width=22,[1]:label='':align=left:wrap)
2023-03-22 14:30:25,196 DEBUG    root            Chosen display Format:table[no-heading,margin=6,width=80]([0]:label='':align=left:width=22,[1]:label='':align=left:wrap)
2023-03-22 14:30:25,198 DEBUG    root            Chosen display Format:table[no-heading,margin=6,width=80]([0]:label='':align=left:width=22,[1]:label='':align=left:wrap)
2023-03-22 14:30:25,198 DEBUG    root            Chosen display Format:table[no-heading,margin=6,width=80]([0]:label='':align=left:width=22,[1]:label='':align=left:wrap)
2023-03-22 14:30:25,198 DEBUG    root            Chosen display Format:table[no-heading,margin=6,width=80]([0]:label='':align=left:width=22,[1]:label='':align=left:wrap)
2023-03-22 14:30:25,199 DEBUG    root            Chosen display Format:table[no-heading,margin=6,width=80]([0]:label='':align=left:width=22,[1]:label='':align=left:wrap)
2023-03-22 14:30:25,200 DEBUG    root            Chosen display Format:table[no-heading,margin=6,width=80]([0]:label='':align=left:width=22,[1]:label='':align=left:wrap)
2023-03-22 14:30:25,202 DEBUG    root            Chosen display Format:table[no-heading,margin=6,width=80]([0]:label='':align=left:width=22,[1]:label='':align=left:wrap)
2023-03-22 14:30:25,203 DEBUG    root            Chosen display Format:table[no-heading,margin=6,width=80]([0]:label='':align=left:width=22,[1]:label='':align=left:wrap)
2023-03-22 14:30:25,204 DEBUG    root            Chosen display Format:table[no-heading,margin=6,width=80]([0]:label='':align=left:width=22,[1]:label='':align=left:wrap)
2023-03-22 14:30:25,205 DEBUG    root            Chosen display Format:table[no-heading,margin=6,width=80]([0]:label='':align=left:width=22,[1]:label='':align=left:wrap)
2023-03-22 14:30:25,208 DEBUG    root            Chosen display Format:table[no-heading,margin=6,width=80]([0]:label='':align=left:width=22,[1]:label='':align=left:wrap)
2023-03-22 14:30:25,208 DEBUG    root            Chosen display Format:table[no-heading,margin=6,width=80]([0]:label='':align=left:width=22,[1]:label='':align=left:wrap)
2023-03-22 14:30:25,209 DEBUG    root            Chosen display Format:table[no-heading,margin=6,width=80]([0]:label='':align=left:width=22,[1]:label='':align=left:wrap)
2023-03-22 14:30:25,210 DEBUG    root            Chosen display Format:table[no-heading,margin=6,width=80]([0]:label='':align=left:width=22,[1]:label='':align=left:wrap)
2023-03-22 14:30:25,210 DEBUG    root            Chosen display Format:table[no-heading,margin=6,width=80]([0]:label='':align=left:width=22,[1]:label='':align=left:wrap)
2023-03-22 14:30:25,212 DEBUG    root            Chosen display Format:table[no-heading,margin=6,width=80]([0]:label='':align=left:width=22,[1]:label='':align=left:wrap)
2023-03-22 14:30:25,212 DEBUG    root            Chosen display Format:table[no-heading,margin=6,width=80]([0]:label='':align=left:width=22,[1]:label='':align=left:wrap)
2023-03-22 14:30:25,213 DEBUG    root            Chosen display Format:table[no-heading,margin=6,width=80]([0]:label='':align=left:width=22,[1]:label='':align=left:wrap)
2023-03-22 14:30:25,214 DEBUG    root            Chosen display Format:table[no-heading,margin=6,width=80]([0]:label='':align=left:width=22,[1]:label='':align=left:wrap)
2023-03-22 14:30:25,214 DEBUG    root            Chosen display Format:table[no-heading,margin=6,width=80]([0]:label='':align=left:width=22,[1]:label='':align=left:wrap)
2023-03-22 14:30:25,215 DEBUG    root            Chosen display Format:table[no-heading,margin=6,width=80]([0]:label='':align=left:width=22,[1]:label='':align=left:wrap)
2023-03-22 14:30:25,216 DEBUG    root            Chosen display Format:table[no-heading,margin=6,width=80]([0]:label='':align=left:width=22,[1]:label='':align=left:wrap)
2023-03-22 14:30:25,216 DEBUG    root            Chosen display Format:table[no-heading,margin=6,width=80]([0]:label='':align=left:width=22,[1]:label='':align=left:wrap)
2023-03-22 14:30:25,217 DEBUG    root            Chosen display Format:table[no-heading,margin=6,width=80]([0]:label='':align=left:width=22,[1]:label='':align=left:wrap)
2023-03-22 14:30:25,217 DEBUG    root            Chosen display Format:table[no-heading,margin=6,width=80]([0]:label='':align=left:width=22,[1]:label='':align=left:wrap)
